#
# There is insufficient memory for the Java Runtime Environment to continue.
# Native memory allocation (malloc) failed to allocate 32744 bytes for ChunkPool::allocate
# Possible reasons:
#   The system is out of physical RAM or swap space
#   The process is running with CompressedOops enabled, and the Java Heap may be blocking the growth of the native heap
# Possible solutions:
#   Reduce memory load on the system
#   Increase physical memory or swap space
#   Check if swap backing store is full
#   Decrease Java heap size (-Xmx/-Xms)
#   Decrease number of Java threads
#   Decrease Java thread stack sizes (-Xss)
#   Set larger code cache with -XX:ReservedCodeCacheSize=
#   JVM is running with Unscaled Compressed Oops mode in which the Java heap is
#     placed in the first 4GB address space. The Java Heap base address is the
#     maximum limit for the native heap growth. Please use -XX:HeapBaseMinAddress
#     to set the Java Heap base and to place the Java Heap above 4GB virtual address.
# This output file may be truncated or incomplete.
#
#  Out of Memory Error (./open/src/hotspot/share/memory/arena.cpp:81), pid=10276, tid=13708
#
# JRE version: Java(TM) SE Runtime Environment 18.9 (11.0.9+7) (build 11.0.9+7-LTS)
# Java VM: Java HotSpot(TM) 64-Bit Server VM 18.9 (11.0.9+7-LTS, mixed mode, tiered, compressed oops, g1 gc, windows-amd64)
# No core dump will be written. Minidumps are not enabled by default on client versions of Windows
#

---------------  S U M M A R Y ------------

Command Line: -Dfile.encoding=Cp1252 cucumber.api.cli.Main C:/Users/E2E Treinamentos/eclipse-workspace/semana/Shoe.Novo/projetoshoe/src/test/resources/Bdd.feature --glue classpath: --plugin pretty --monochrome

Host: Intel(R) Core(TM) i5-3320M CPU @ 2.60GHz, 4 cores, 5G,  Windows 10 , 64 bit Build 19041 (10.0.19041.928)
Time: Thu Apr 22 18:19:45 2021 Hora oficial do Brasil elapsed time: 8.293797 seconds (0d 0h 0m 8s)

---------------  T H R E A D  ---------------

Current thread (0x00000132da7ba800):  JavaThread "C1 CompilerThread0" daemon [_thread_in_native, id=13708, stack(0x0000000b45600000,0x0000000b45700000)]


Current CompileTask:
C1:   8293 1882       3       sun.nio.cs.SingleByte$Encoder::encodeArrayLoop (233 bytes)

Stack: [0x0000000b45600000,0x0000000b45700000]
Native frames: (J=compiled Java code, j=interpreted, Vv=VM code, C=native code)
V  [jvm.dll+0x611a3a]
V  [jvm.dll+0x748aaf]
V  [jvm.dll+0x74a135]
V  [jvm.dll+0x74a7b3]
V  [jvm.dll+0x2439f8]
V  [jvm.dll+0xba65b]
V  [jvm.dll+0xba9bc]
V  [jvm.dll+0x1599f5]
V  [jvm.dll+0x15105f]
V  [jvm.dll+0x14bb0e]
V  [jvm.dll+0x1380c0]
V  [jvm.dll+0x11fe09]
V  [jvm.dll+0x11f70f]
V  [jvm.dll+0x11f93f]
V  [jvm.dll+0x11ebe7]
V  [jvm.dll+0x120af7]
V  [jvm.dll+0x20bc54]
V  [jvm.dll+0x209d2b]
V  [jvm.dll+0x7103d9]
V  [jvm.dll+0x709114]
V  [jvm.dll+0x610cb6]
C  [ucrtbase.dll+0x21bb2]
C  [KERNEL32.DLL+0x17034]
C  [ntdll.dll+0x52651]


---------------  P R O C E S S  ---------------

Threads class SMR info:
_java_thread_list=0x00000132dc859fa0, length=16, elements={
0x00000132bd5eb800, 0x00000132da7a0800, 0x00000132da76a800, 0x00000132da7a8800,
0x00000132da7a9000, 0x00000132da7b2000, 0x00000132da7ba800, 0x00000132da7c1000,
0x00000132db279000, 0x00000132db283800, 0x00000132dc6fe000, 0x00000132dc6fe800,
0x00000132dc94c000, 0x00000132dc7da800, 0x00000132dc8a6800, 0x00000132dbbdb800
}

Java Threads: ( => current thread )
  0x00000132bd5eb800 JavaThread "main" [_thread_blocked, id=10284, stack(0x0000000b44a00000,0x0000000b44b00000)]
  0x00000132da7a0800 JavaThread "Reference Handler" daemon [_thread_blocked, id=5272, stack(0x0000000b45100000,0x0000000b45200000)]
  0x00000132da76a800 JavaThread "Finalizer" daemon [_thread_blocked, id=13616, stack(0x0000000b45200000,0x0000000b45300000)]
  0x00000132da7a8800 JavaThread "Signal Dispatcher" daemon [_thread_blocked, id=14096, stack(0x0000000b45300000,0x0000000b45400000)]
  0x00000132da7a9000 JavaThread "Attach Listener" daemon [_thread_blocked, id=13856, stack(0x0000000b45400000,0x0000000b45500000)]
  0x00000132da7b2000 JavaThread "C2 CompilerThread0" daemon [_thread_in_native, id=6652, stack(0x0000000b45500000,0x0000000b45600000)]
=>0x00000132da7ba800 JavaThread "C1 CompilerThread0" daemon [_thread_in_native, id=13708, stack(0x0000000b45600000,0x0000000b45700000)]
  0x00000132da7c1000 JavaThread "Sweeper thread" daemon [_thread_blocked, id=14048, stack(0x0000000b45700000,0x0000000b45800000)]
  0x00000132db279000 JavaThread "Service Thread" daemon [_thread_blocked, id=11944, stack(0x0000000b45800000,0x0000000b45900000)]
  0x00000132db283800 JavaThread "Common-Cleaner" daemon [_thread_blocked, id=12124, stack(0x0000000b45a00000,0x0000000b45b00000)]
  0x00000132dc6fe000 JavaThread "Exec Default Executor" daemon [_thread_in_native, id=10832, stack(0x0000000b45e00000,0x0000000b45f00000)]
  0x00000132dc6fe800 JavaThread "UrlChecker-2" daemon [_thread_blocked, id=12876, stack(0x0000000b45f00000,0x0000000b46000000)]
  0x00000132dc94c000 JavaThread "Exec Stream Pumper" daemon [_thread_in_native, id=13360, stack(0x0000000b46100000,0x0000000b46200000)]
  0x00000132dc7da800 JavaThread "Exec Stream Pumper" daemon [_thread_in_native, id=10208, stack(0x0000000b46200000,0x0000000b46300000)]
  0x00000132dc8a6800 JavaThread "OkHttp ConnectionPool" daemon [_thread_blocked, id=6316, stack(0x0000000b46300000,0x0000000b46400000)]
  0x00000132dbbdb800 JavaThread "Okio Watchdog" daemon [_thread_blocked, id=5236, stack(0x0000000b46400000,0x0000000b46500000)]

Other Threads:
  0x00000132da768800 VMThread "VM Thread" [stack: 0x0000000b45000000,0x0000000b45100000] [id=7400] _threads_hazard_ptr=0x00000132dc859fa0
  0x00000132bd602800 GCTaskThread "GC Thread#0" [stack: 0x0000000b44b00000,0x0000000b44c00000] [id=5248]
  0x00000132dbaf1000 GCTaskThread "GC Thread#1" [stack: 0x0000000b45c00000,0x0000000b45d00000] [id=4420]
  0x00000132bd62a800 ConcurrentGCThread "G1 Main Marker" [stack: 0x0000000b44c00000,0x0000000b44d00000] [id=13624]
  0x00000132bd62c000 ConcurrentGCThread "G1 Conc#0" [stack: 0x0000000b44d00000,0x0000000b44e00000] [id=7248]
  0x00000132bd6a1800 ConcurrentGCThread "G1 Refine#0" [stack: 0x0000000b44e00000,0x0000000b44f00000] [id=8052]
  0x00000132bd6a4800 ConcurrentGCThread "G1 Young RemSet Sampling" [stack: 0x0000000b44f00000,0x0000000b45000000] [id=7264]

Threads with active compile tasks:
C2 CompilerThread0   8407 1877       4       java.net.URLStreamHandler::parseURL (1201 bytes)
C1 CompilerThread0   8407 1882       3       sun.nio.cs.SingleByte$Encoder::encodeArrayLoop (233 bytes)

VM state:at safepoint (normal execution)

VM Mutex/Monitor currently owned by a thread:  ([mutex/lock_event])
[0x00000132bd5e7a10] Threads_lock - owner thread: 0x00000132da768800

Heap address: 0x00000000a1600000, size: 1514 MB, Compressed Oops mode: 32-bit
Narrow klass base: 0x0000000000000000, Narrow klass shift: 3
Compressed class space size: 1073741824 Address: 0x0000000100000000

Heap:
 garbage-first heap   total 98304K, used 20671K [0x00000000a1600000, 0x0000000100000000)
  region size 1024K, 18 young (18432K), 3 survivors (3072K)
 Metaspace       used 24020K, capacity 24724K, committed 24880K, reserved 1071104K
  class space    used 2656K, capacity 2939K, committed 2944K, reserved 1048576K
Heap Regions: E=young(eden), S=young(survivor), O=old, HS=humongous(starts), HC=humongous(continues), CS=collection set, F=free, A=archive, TAMS=top-at-mark-start (previous, next)
|   0|0x00000000a1600000, 0x00000000a1700000, 0x00000000a1700000|100%| O|  |TAMS 0x00000000a1700000, 0x00000000a1600000| Untracked 
|   1|0x00000000a1700000, 0x00000000a1800000, 0x00000000a1800000|100%| O|  |TAMS 0x00000000a1800000, 0x00000000a1700000| Untracked 
|   2|0x00000000a1800000, 0x00000000a1900000, 0x00000000a1900000|100%| O|  |TAMS 0x00000000a1900000, 0x00000000a1800000| Untracked 
|   3|0x00000000a1900000, 0x00000000a198a200, 0x00000000a1a00000| 53%| O|  |TAMS 0x00000000a198a200, 0x00000000a1900000| Untracked 
|   4|0x00000000a1a00000, 0x00000000a1a00000, 0x00000000a1b00000|  0%| F|  |TAMS 0x00000000a1a00000, 0x00000000a1a00000| Untracked 
|   5|0x00000000a1b00000, 0x00000000a1b00000, 0x00000000a1c00000|  0%| F|  |TAMS 0x00000000a1b00000, 0x00000000a1b00000| Untracked 
|   6|0x00000000a1c00000, 0x00000000a1c00000, 0x00000000a1d00000|  0%| F|  |TAMS 0x00000000a1c00000, 0x00000000a1c00000| Untracked 
|   7|0x00000000a1d00000, 0x00000000a1d00000, 0x00000000a1e00000|  0%| F|  |TAMS 0x00000000a1d00000, 0x00000000a1d00000| Untracked 
|   8|0x00000000a1e00000, 0x00000000a1e00000, 0x00000000a1f00000|  0%| F|  |TAMS 0x00000000a1e00000, 0x00000000a1e00000| Untracked 
|   9|0x00000000a1f00000, 0x00000000a1f00000, 0x00000000a2000000|  0%| F|  |TAMS 0x00000000a1f00000, 0x00000000a1f00000| Untracked 
|  10|0x00000000a2000000, 0x00000000a2000000, 0x00000000a2100000|  0%| F|  |TAMS 0x00000000a2000000, 0x00000000a2000000| Untracked 
|  11|0x00000000a2100000, 0x00000000a2100000, 0x00000000a2200000|  0%| F|  |TAMS 0x00000000a2100000, 0x00000000a2100000| Untracked 
|  12|0x00000000a2200000, 0x00000000a2200000, 0x00000000a2300000|  0%| F|  |TAMS 0x00000000a2200000, 0x00000000a2200000| Untracked 
|  13|0x00000000a2300000, 0x00000000a2300000, 0x00000000a2400000|  0%| F|  |TAMS 0x00000000a2300000, 0x00000000a2300000| Untracked 
|  14|0x00000000a2400000, 0x00000000a2400000, 0x00000000a2500000|  0%| F|  |TAMS 0x00000000a2400000, 0x00000000a2400000| Untracked 
|  15|0x00000000a2500000, 0x00000000a2500000, 0x00000000a2600000|  0%| F|  |TAMS 0x00000000a2500000, 0x00000000a2500000| Untracked 
|  16|0x00000000a2600000, 0x00000000a2600000, 0x00000000a2700000|  0%| F|  |TAMS 0x00000000a2600000, 0x00000000a2600000| Untracked 
|  17|0x00000000a2700000, 0x00000000a2700000, 0x00000000a2800000|  0%| F|  |TAMS 0x00000000a2700000, 0x00000000a2700000| Untracked 
|  18|0x00000000a2800000, 0x00000000a2800000, 0x00000000a2900000|  0%| F|  |TAMS 0x00000000a2800000, 0x00000000a2800000| Untracked 
|  19|0x00000000a2900000, 0x00000000a2900000, 0x00000000a2a00000|  0%| F|  |TAMS 0x00000000a2900000, 0x00000000a2900000| Untracked 
|  20|0x00000000a2a00000, 0x00000000a2a00000, 0x00000000a2b00000|  0%| F|  |TAMS 0x00000000a2a00000, 0x00000000a2a00000| Untracked 
|  21|0x00000000a2b00000, 0x00000000a2b00000, 0x00000000a2c00000|  0%| F|  |TAMS 0x00000000a2b00000, 0x00000000a2b00000| Untracked 
|  22|0x00000000a2c00000, 0x00000000a2c00000, 0x00000000a2d00000|  0%| F|  |TAMS 0x00000000a2c00000, 0x00000000a2c00000| Untracked 
|  23|0x00000000a2d00000, 0x00000000a2d00000, 0x00000000a2e00000|  0%| F|  |TAMS 0x00000000a2d00000, 0x00000000a2d00000| Untracked 
|  24|0x00000000a2e00000, 0x00000000a2e00000, 0x00000000a2f00000|  0%| F|  |TAMS 0x00000000a2e00000, 0x00000000a2e00000| Untracked 
|  25|0x00000000a2f00000, 0x00000000a2f00000, 0x00000000a3000000|  0%| F|  |TAMS 0x00000000a2f00000, 0x00000000a2f00000| Untracked 
|  26|0x00000000a3000000, 0x00000000a3000000, 0x00000000a3100000|  0%| F|  |TAMS 0x00000000a3000000, 0x00000000a3000000| Untracked 
|  27|0x00000000a3100000, 0x00000000a3100000, 0x00000000a3200000|  0%| F|  |TAMS 0x00000000a3100000, 0x00000000a3100000| Untracked 
|  28|0x00000000a3200000, 0x00000000a3200000, 0x00000000a3300000|  0%| F|  |TAMS 0x00000000a3200000, 0x00000000a3200000| Untracked 
|  29|0x00000000a3300000, 0x00000000a3300000, 0x00000000a3400000|  0%| F|  |TAMS 0x00000000a3300000, 0x00000000a3300000| Untracked 
|  30|0x00000000a3400000, 0x00000000a3400000, 0x00000000a3500000|  0%| F|  |TAMS 0x00000000a3400000, 0x00000000a3400000| Untracked 
|  31|0x00000000a3500000, 0x00000000a3500000, 0x00000000a3600000|  0%| F|  |TAMS 0x00000000a3500000, 0x00000000a3500000| Untracked 
|  32|0x00000000a3600000, 0x00000000a3600000, 0x00000000a3700000|  0%| F|  |TAMS 0x00000000a3600000, 0x00000000a3600000| Untracked 
|  33|0x00000000a3700000, 0x00000000a3700000, 0x00000000a3800000|  0%| F|  |TAMS 0x00000000a3700000, 0x00000000a3700000| Untracked 
|  34|0x00000000a3800000, 0x00000000a3800000, 0x00000000a3900000|  0%| F|  |TAMS 0x00000000a3800000, 0x00000000a3800000| Untracked 
|  35|0x00000000a3900000, 0x00000000a3900000, 0x00000000a3a00000|  0%| F|  |TAMS 0x00000000a3900000, 0x00000000a3900000| Untracked 
|  36|0x00000000a3a00000, 0x00000000a3a00000, 0x00000000a3b00000|  0%| F|  |TAMS 0x00000000a3a00000, 0x00000000a3a00000| Untracked 
|  37|0x00000000a3b00000, 0x00000000a3b00000, 0x00000000a3c00000|  0%| F|  |TAMS 0x00000000a3b00000, 0x00000000a3b00000| Untracked 
|  38|0x00000000a3c00000, 0x00000000a3c00000, 0x00000000a3d00000|  0%| F|  |TAMS 0x00000000a3c00000, 0x00000000a3c00000| Untracked 
|  39|0x00000000a3d00000, 0x00000000a3d00000, 0x00000000a3e00000|  0%| F|  |TAMS 0x00000000a3d00000, 0x00000000a3d00000| Untracked 
|  40|0x00000000a3e00000, 0x00000000a3e00000, 0x00000000a3f00000|  0%| F|  |TAMS 0x00000000a3e00000, 0x00000000a3e00000| Untracked 
|  41|0x00000000a3f00000, 0x00000000a3f00000, 0x00000000a4000000|  0%| F|  |TAMS 0x00000000a3f00000, 0x00000000a3f00000| Untracked 
|  42|0x00000000a4000000, 0x00000000a4000000, 0x00000000a4100000|  0%| F|  |TAMS 0x00000000a4000000, 0x00000000a4000000| Untracked 
|  43|0x00000000a4100000, 0x00000000a4100000, 0x00000000a4200000|  0%| F|  |TAMS 0x00000000a4100000, 0x00000000a4100000| Untracked 
|  44|0x00000000a4200000, 0x00000000a4200000, 0x00000000a4300000|  0%| F|  |TAMS 0x00000000a4200000, 0x00000000a4200000| Untracked 
|  45|0x00000000a4300000, 0x00000000a4300000, 0x00000000a4400000|  0%| F|  |TAMS 0x00000000a4300000, 0x00000000a4300000| Untracked 
|  46|0x00000000a4400000, 0x00000000a4400000, 0x00000000a4500000|  0%| F|  |TAMS 0x00000000a4400000, 0x00000000a4400000| Untracked 
|  47|0x00000000a4500000, 0x00000000a4500000, 0x00000000a4600000|  0%| F|  |TAMS 0x00000000a4500000, 0x00000000a4500000| Untracked 
|  48|0x00000000a4600000, 0x00000000a4600000, 0x00000000a4700000|  0%| F|  |TAMS 0x00000000a4600000, 0x00000000a4600000| Untracked 
|  49|0x00000000a4700000, 0x00000000a4700000, 0x00000000a4800000|  0%| F|  |TAMS 0x00000000a4700000, 0x00000000a4700000| Untracked 
|  50|0x00000000a4800000, 0x00000000a4800000, 0x00000000a4900000|  0%| F|  |TAMS 0x00000000a4800000, 0x00000000a4800000| Untracked 
|  51|0x00000000a4900000, 0x00000000a4900000, 0x00000000a4a00000|  0%| F|  |TAMS 0x00000000a4900000, 0x00000000a4900000| Untracked 
|  52|0x00000000a4a00000, 0x00000000a4a00000, 0x00000000a4b00000|  0%| F|  |TAMS 0x00000000a4a00000, 0x00000000a4a00000| Untracked 
|  53|0x00000000a4b00000, 0x00000000a4b00000, 0x00000000a4c00000|  0%| F|  |TAMS 0x00000000a4b00000, 0x00000000a4b00000| Untracked 
|  54|0x00000000a4c00000, 0x00000000a4c00000, 0x00000000a4d00000|  0%| F|  |TAMS 0x00000000a4c00000, 0x00000000a4c00000| Untracked 
|  55|0x00000000a4d00000, 0x00000000a4d00000, 0x00000000a4e00000|  0%| F|  |TAMS 0x00000000a4d00000, 0x00000000a4d00000| Untracked 
|  56|0x00000000a4e00000, 0x00000000a4e00000, 0x00000000a4f00000|  0%| F|  |TAMS 0x00000000a4e00000, 0x00000000a4e00000| Untracked 
|  57|0x00000000a4f00000, 0x00000000a4f00000, 0x00000000a5000000|  0%| F|  |TAMS 0x00000000a4f00000, 0x00000000a4f00000| Untracked 
|  58|0x00000000a5000000, 0x00000000a5000000, 0x00000000a5100000|  0%| F|  |TAMS 0x00000000a5000000, 0x00000000a5000000| Untracked 
|  59|0x00000000a5100000, 0x00000000a5100000, 0x00000000a5200000|  0%| F|  |TAMS 0x00000000a5100000, 0x00000000a5100000| Untracked 
|  60|0x00000000a5200000, 0x00000000a5200000, 0x00000000a5300000|  0%| F|  |TAMS 0x00000000a5200000, 0x00000000a5200000| Untracked 
|  61|0x00000000a5300000, 0x00000000a5300000, 0x00000000a5400000|  0%| F|  |TAMS 0x00000000a5300000, 0x00000000a5300000| Untracked 
|  62|0x00000000a5400000, 0x00000000a5400000, 0x00000000a5500000|  0%| F|  |TAMS 0x00000000a5400000, 0x00000000a5400000| Untracked 
|  63|0x00000000a5500000, 0x00000000a5500000, 0x00000000a5600000|  0%| F|  |TAMS 0x00000000a5500000, 0x00000000a5500000| Untracked 
|  64|0x00000000a5600000, 0x00000000a5600000, 0x00000000a5700000|  0%| F|  |TAMS 0x00000000a5600000, 0x00000000a5600000| Untracked 
|  65|0x00000000a5700000, 0x00000000a5700000, 0x00000000a5800000|  0%| F|  |TAMS 0x00000000a5700000, 0x00000000a5700000| Untracked 
|  66|0x00000000a5800000, 0x00000000a5800000, 0x00000000a5900000|  0%| F|  |TAMS 0x00000000a5800000, 0x00000000a5800000| Untracked 
|  67|0x00000000a5900000, 0x00000000a5900000, 0x00000000a5a00000|  0%| F|  |TAMS 0x00000000a5900000, 0x00000000a5900000| Untracked 
|  68|0x00000000a5a00000, 0x00000000a5a00000, 0x00000000a5b00000|  0%| F|  |TAMS 0x00000000a5a00000, 0x00000000a5a00000| Untracked 
|  69|0x00000000a5b00000, 0x00000000a5b00000, 0x00000000a5c00000|  0%| F|  |TAMS 0x00000000a5b00000, 0x00000000a5b00000| Untracked 
|  70|0x00000000a5c00000, 0x00000000a5c00000, 0x00000000a5d00000|  0%| F|  |TAMS 0x00000000a5c00000, 0x00000000a5c00000| Untracked 
|  71|0x00000000a5d00000, 0x00000000a5da5aa8, 0x00000000a5e00000| 64%| S|CS|TAMS 0x00000000a5d00000, 0x00000000a5d00000| Complete 
|  72|0x00000000a5e00000, 0x00000000a5f00000, 0x00000000a5f00000|100%| S|CS|TAMS 0x00000000a5e00000, 0x00000000a5e00000| Complete 
|  73|0x00000000a5f00000, 0x00000000a6000000, 0x00000000a6000000|100%| S|CS|TAMS 0x00000000a5f00000, 0x00000000a5f00000| Complete 
|  74|0x00000000a6000000, 0x00000000a6000000, 0x00000000a6100000|  0%| F|  |TAMS 0x00000000a6000000, 0x00000000a6000000| Untracked 
|  75|0x00000000a6100000, 0x00000000a6100000, 0x00000000a6200000|  0%| F|  |TAMS 0x00000000a6100000, 0x00000000a6100000| Untracked 
|  76|0x00000000a6200000, 0x00000000a6200000, 0x00000000a6300000|  0%| F|  |TAMS 0x00000000a6200000, 0x00000000a6200000| Untracked 
|  77|0x00000000a6300000, 0x00000000a6300000, 0x00000000a6400000|  0%| F|  |TAMS 0x00000000a6300000, 0x00000000a6300000| Untracked 
|  78|0x00000000a6400000, 0x00000000a6400000, 0x00000000a6500000|  0%| F|  |TAMS 0x00000000a6400000, 0x00000000a6400000| Untracked 
|  79|0x00000000a6500000, 0x00000000a6500000, 0x00000000a6600000|  0%| F|  |TAMS 0x00000000a6500000, 0x00000000a6500000| Untracked 
|  80|0x00000000a6600000, 0x00000000a6600000, 0x00000000a6700000|  0%| F|  |TAMS 0x00000000a6600000, 0x00000000a6600000| Untracked 
|  81|0x00000000a6700000, 0x00000000a67b56b8, 0x00000000a6800000| 70%| E|  |TAMS 0x00000000a6700000, 0x00000000a6700000| Complete 
|  82|0x00000000a6800000, 0x00000000a6900000, 0x00000000a6900000|100%| E|CS|TAMS 0x00000000a6800000, 0x00000000a6800000| Complete 
|  83|0x00000000a6900000, 0x00000000a6a00000, 0x00000000a6a00000|100%| E|CS|TAMS 0x00000000a6900000, 0x00000000a6900000| Complete 
|  84|0x00000000a6a00000, 0x00000000a6b00000, 0x00000000a6b00000|100%| E|CS|TAMS 0x00000000a6a00000, 0x00000000a6a00000| Complete 
|  85|0x00000000a6b00000, 0x00000000a6c00000, 0x00000000a6c00000|100%| E|CS|TAMS 0x00000000a6b00000, 0x00000000a6b00000| Complete 
|  86|0x00000000a6c00000, 0x00000000a6d00000, 0x00000000a6d00000|100%| E|CS|TAMS 0x00000000a6c00000, 0x00000000a6c00000| Complete 
|  87|0x00000000a6d00000, 0x00000000a6e00000, 0x00000000a6e00000|100%| E|CS|TAMS 0x00000000a6d00000, 0x00000000a6d00000| Complete 
|  88|0x00000000a6e00000, 0x00000000a6f00000, 0x00000000a6f00000|100%| E|CS|TAMS 0x00000000a6e00000, 0x00000000a6e00000| Complete 
|  89|0x00000000a6f00000, 0x00000000a7000000, 0x00000000a7000000|100%| E|CS|TAMS 0x00000000a6f00000, 0x00000000a6f00000| Complete 
|  90|0x00000000a7000000, 0x00000000a7100000, 0x00000000a7100000|100%| E|CS|TAMS 0x00000000a7000000, 0x00000000a7000000| Complete 
|  91|0x00000000a7100000, 0x00000000a7200000, 0x00000000a7200000|100%| E|CS|TAMS 0x00000000a7100000, 0x00000000a7100000| Complete 
|  92|0x00000000a7200000, 0x00000000a7300000, 0x00000000a7300000|100%| E|CS|TAMS 0x00000000a7200000, 0x00000000a7200000| Complete 
|  93|0x00000000a7300000, 0x00000000a7400000, 0x00000000a7400000|100%| E|CS|TAMS 0x00000000a7300000, 0x00000000a7300000| Complete 
|  94|0x00000000a7400000, 0x00000000a7500000, 0x00000000a7500000|100%| E|CS|TAMS 0x00000000a7400000, 0x00000000a7400000| Complete 
|  95|0x00000000a7500000, 0x00000000a7600000, 0x00000000a7600000|100%| E|CS|TAMS 0x00000000a7500000, 0x00000000a7500000| Complete 

Card table byte_map: [0x00000132d4d70000,0x00000132d5070000] _byte_map_base: 0x00000132d4865000

Marking Bits (Prev, Next): (CMBitMap*) 0x00000132bd623e60, (CMBitMap*) 0x00000132bd623e28
 Prev Bits: [0x00000132d6b20000, 0x00000132d82c8000)
 Next Bits: [0x00000132d5370000, 0x00000132d6b18000)

Polling page: 0x00000132bcdd0000

Metaspace:

Usage:
  Non-class:     21.27 MB capacity,    20.86 MB ( 98%) used,   342.41 KB (  2%) free+waste,    78.88 KB ( <1%) overhead. 
      Class:      2.87 MB capacity,     2.59 MB ( 90%) used,   243.76 KB (  8%) free+waste,    38.88 KB (  1%) overhead. 
       Both:     24.14 MB capacity,    23.46 MB ( 97%) used,   586.17 KB (  2%) free+waste,   117.75 KB ( <1%) overhead. 

Virtual space:
  Non-class space:       22.00 MB reserved,      21.42 MB ( 97%) committed 
      Class space:        1.00 GB reserved,       2.88 MB ( <1%) committed 
             Both:        1.02 GB reserved,      24.30 MB (  2%) committed 

Chunk freelists:
   Non-Class:  2.88 KB
       Class:  640 bytes
        Both:  3.50 KB

CodeHeap 'non-profiled nmethods': size=120064Kb used=613Kb max_used=613Kb free=119450Kb
 bounds [0x00000132cd530000, 0x00000132cd7a0000, 0x00000132d4a70000]
CodeHeap 'profiled nmethods': size=120000Kb used=3437Kb max_used=3437Kb free=116562Kb
 bounds [0x00000132c6000000, 0x00000132c6370000, 0x00000132cd530000]
CodeHeap 'non-nmethods': size=5696Kb used=1145Kb max_used=1167Kb free=4550Kb
 bounds [0x00000132c5a70000, 0x00000132c5ce0000, 0x00000132c6000000]
 total_blobs=2148 nmethods=1677 adapters=382
 compilation: enabled
              stopped_count=0, restarted_count=0
 full_count=0

Compilation events (10 events):
Event: 8.218 Thread 0x00000132da7ba800 1875       3       java.util.stream.AbstractPipeline::<init> (55 bytes)
Event: 8.219 Thread 0x00000132da7ba800 nmethod 1875 0x00000132c635ef10 code [0x00000132c635f0c0, 0x00000132c635f3f8]
Event: 8.219 Thread 0x00000132da7ba800 1876       3       java.util.stream.Sink$ChainedReference::begin (11 bytes)
Event: 8.219 Thread 0x00000132da7ba800 nmethod 1876 0x00000132c635f510 code [0x00000132c635f6c0, 0x00000132c635f8f0]
Event: 8.219 Thread 0x00000132da7b2000 1877       4       java.net.URLStreamHandler::parseURL (1201 bytes)
Event: 8.220 Thread 0x00000132da7ba800 1879       3       java.lang.StringLatin1::replace (196 bytes)
Event: 8.221 Thread 0x00000132da7ba800 nmethod 1879 0x00000132c635f990 code [0x00000132c635fc00, 0x00000132c63608c0]
Event: 8.223 Thread 0x00000132da7ba800 1880       3       java.nio.HeapByteBuffer::ix (7 bytes)
Event: 8.224 Thread 0x00000132da7ba800 nmethod 1880 0x00000132c6189010 code [0x00000132c61891a0, 0x00000132c61892f8]
Event: 8.224 Thread 0x00000132da7ba800 1882       3       sun.nio.cs.SingleByte$Encoder::encodeArrayLoop (233 bytes)

GC Heap History (6 events):
Event: 0.800 GC heap before
{Heap before GC invocations=0 (full 0):
 garbage-first heap   total 98304K, used 13312K [0x00000000a1600000, 0x0000000100000000)
  region size 1024K, 14 young (14336K), 0 survivors (0K)
 Metaspace       used 11536K, capacity 11908K, committed 12032K, reserved 1060864K
  class space    used 1099K, capacity 1206K, committed 1280K, reserved 1048576K
}
Event: 0.805 GC heap after
{Heap after GC invocations=1 (full 0):
 garbage-first heap   total 98304K, used 3630K [0x00000000a1600000, 0x0000000100000000)
  region size 1024K, 2 young (2048K), 2 survivors (2048K)
 Metaspace       used 11536K, capacity 11908K, committed 12032K, reserved 1060864K
  class space    used 1099K, capacity 1206K, committed 1280K, reserved 1048576K
}
Event: 1.202 GC heap before
{Heap before GC invocations=1 (full 0):
 garbage-first heap   total 98304K, used 11822K [0x00000000a1600000, 0x0000000100000000)
  region size 1024K, 10 young (10240K), 2 survivors (2048K)
 Metaspace       used 14256K, capacity 14682K, committed 14976K, reserved 1062912K
  class space    used 1401K, capacity 1557K, committed 1664K, reserved 1048576K
}
Event: 1.207 GC heap after
{Heap after GC invocations=2 (full 0):
 garbage-first heap   total 98304K, used 4308K [0x00000000a1600000, 0x0000000100000000)
  region size 1024K, 1 young (1024K), 1 survivors (1024K)
 Metaspace       used 14256K, capacity 14682K, committed 14976K, reserved 1062912K
  class space    used 1401K, capacity 1557K, committed 1664K, reserved 1048576K
}
Event: 2.367 GC heap before
{Heap before GC invocations=2 (full 0):
 garbage-first heap   total 98304K, used 24788K [0x00000000a1600000, 0x0000000100000000)
  region size 1024K, 22 young (22528K), 1 survivors (1024K)
 Metaspace       used 20699K, capacity 21203K, committed 21296K, reserved 1069056K
  class space    used 2175K, capacity 2371K, committed 2432K, reserved 1048576K
}
Event: 2.377 GC heap after
{Heap after GC invocations=3 (full 0):
 garbage-first heap   total 98304K, used 6335K [0x00000000a1600000, 0x0000000100000000)
  region size 1024K, 3 young (3072K), 3 survivors (3072K)
 Metaspace       used 20699K, capacity 21203K, committed 21296K, reserved 1069056K
  class space    used 2175K, capacity 2371K, committed 2432K, reserved 1048576K
}

Deoptimization events (10 events):
Event: 2.505 Thread 0x00000132bd5eb800 Uncommon trap: reason=class_check action=maybe_recompile pc=0x00000132cd5a85f8 method=java.util.HashSet.iterator()Ljava/util/Iterator; @ 4 c2
Event: 3.394 Thread 0x00000132bd5eb800 Uncommon trap: reason=class_check action=maybe_recompile pc=0x00000132cd578f8c method=java.util.HashMap.putVal(ILjava/lang/Object;Ljava/lang/Object;ZZ)Ljava/lang/Object; @ 253 c2
Event: 8.175 Thread 0x00000132bd5eb800 Uncommon trap: reason=unstable_if action=reinterpret pc=0x00000132cd5634ac method=java.lang.AbstractStringBuilder.putStringAt(ILjava/lang/String;)V @ 8 c2
Event: 8.175 Thread 0x00000132bd5eb800 Uncommon trap: reason=unstable_if action=reinterpret pc=0x00000132cd56020c method=java.lang.AbstractStringBuilder.putStringAt(ILjava/lang/String;)V @ 8 c2
Event: 8.175 Thread 0x00000132bd5eb800 Uncommon trap: reason=unstable_if action=reinterpret pc=0x00000132cd55f164 method=java.lang.String.getBytes([BIB)V @ 5 c2
Event: 8.176 Thread 0x00000132bd5eb800 Uncommon trap: reason=unstable_if action=reinterpret pc=0x00000132cd5ba338 method=java.lang.String.getChars(II[CI)V @ 23 c2
Event: 8.220 Thread 0x00000132bd5eb800 Uncommon trap: reason=unstable_if action=reinterpret pc=0x00000132cd557b74 method=java.lang.StringLatin1.canEncode(I)Z @ 4 c2
Event: 8.220 Thread 0x00000132bd5eb800 Uncommon trap: reason=unstable_if action=reinterpret pc=0x00000132cd544340 method=java.lang.AbstractStringBuilder.isLatin1()Z @ 10 c2
Event: 8.221 Thread 0x00000132bd5eb800 Uncommon trap: reason=unstable_if action=reinterpret pc=0x00000132cd555a48 method=java.lang.AbstractStringBuilder.isLatin1()Z @ 10 c2
Event: 8.226 Thread 0x00000132bd5eb800 Uncommon trap: reason=unstable_if action=reinterpret pc=0x00000132cd5520dc method=java.lang.String.indexOf(II)I @ 4 c2

Classes redefined (0 events):
No events

Internal exceptions (10 events):
Event: 2.416 Thread 0x00000132bd5eb800 Exception <a 'java/lang/NoSuchMethodError'{0x00000000a743b450}: java.lang.invoke.DirectMethodHandle$Holder.invokeVirtual(Ljava/lang/Object;Ljava/lang/Object;)F> (0x00000000a743b450) thrown at [./open/src/hotspot/share/interpreter/linkResolver.cpp, line 77
Event: 2.417 Thread 0x00000132bd5eb800 Exception <a 'java/lang/NoSuchMethodError'{0x00000000a7443b70}: java.lang.invoke.DirectMethodHandle$Holder.invokeVirtual(Ljava/lang/Object;Ljava/lang/Object;)J> (0x00000000a7443b70) thrown at [./open/src/hotspot/share/interpreter/linkResolver.cpp, line 77
Event: 2.513 Thread 0x00000132bd5eb800 Exception <a 'java/lang/NoSuchMethodError'{0x00000000a700f880}: java.lang.invoke.DirectMethodHandle$Holder.invokeStatic(Ljava/lang/Object;Ljava/lang/Object;Ljava/lang/Object;Ljava/lang/Object;Ljava/lang/Object;)V> (0x00000000a700f880) thrown at [./open/sr
Event: 3.388 Thread 0x00000132bd5eb800 Exception <a 'java/lang/NoSuchMethodError'{0x00000000a6a39fe8}: java.lang.invoke.DirectMethodHandle$Holder.invokeSpecialIFC(Ljava/lang/Object;Ljava/lang/Object;Ljava/lang/Object;)Ljava/lang/Object;> (0x00000000a6a39fe8) thrown at [./open/src/hotspot/share
Event: 3.447 Thread 0x00000132bd5eb800 Exception <a 'java/net/SocketTimeoutException'{0x00000000a6948120}: Read timed out> (0x00000000a6948120) thrown at [./open/src/hotspot/share/prims/jni.cpp, line 632]
Event: 7.345 Thread 0x00000132bd5eb800 Exception <a 'java/net/SocketTimeoutException'{0x00000000a6972db8}: Read timed out> (0x00000000a6972db8) thrown at [./open/src/hotspot/share/prims/jni.cpp, line 632]
Event: 7.516 Thread 0x00000132bd5eb800 Exception <a 'java/net/SocketTimeoutException'{0x00000000a685d5a8}: Read timed out> (0x00000000a685d5a8) thrown at [./open/src/hotspot/share/prims/jni.cpp, line 632]
Event: 7.578 Thread 0x00000132bd5eb800 Exception <a 'java/net/SocketTimeoutException'{0x00000000a687b840}: Read timed out> (0x00000000a687b840) thrown at [./open/src/hotspot/share/prims/jni.cpp, line 632]
Event: 8.162 Thread 0x00000132bd5eb800 Exception <a 'java/lang/ClassNotFoundException'{0x00000000a68b14b0}: sun/misc/SharedSecrets> (0x00000000a68b14b0) thrown at [./open/src/hotspot/share/classfile/systemDictionary.cpp, line 228]
Event: 8.167 Thread 0x00000132bd5eb800 Exception <a 'java/lang/reflect/InvocationTargetException'{0x00000000a68bfbf8}> (0x00000000a68bfbf8) thrown at [./open/src/hotspot/share/runtime/reflection.cpp, line 1242]

Events (10 events):
Event: 8.228 Executing VM operation: RevokeBias
Event: 8.228 Executing VM operation: RevokeBias done
Event: 8.228 Executing VM operation: RevokeBias
Event: 8.228 Executing VM operation: RevokeBias done
Event: 8.228 Executing VM operation: RevokeBias
Event: 8.228 Executing VM operation: RevokeBias done
Event: 8.228 Executing VM operation: RevokeBias
Event: 8.228 Executing VM operation: RevokeBias done
Event: 8.228 Thread 0x00000132dbcdf800 Thread exited: 0x00000132dbcdf800
Event: 8.229 Executing VM operation: Exit


Dynamic libraries:
0x00007ff6d2d80000 - 0x00007ff6d2d8f000 	C:\Program Files\Java\jdk-11.0.9\bin\javaw.exe
0x00007fff079b0000 - 0x00007fff07ba5000 	C:\WINDOWS\SYSTEM32\ntdll.dll
0x00007fff05a10000 - 0x00007fff05acd000 	C:\WINDOWS\System32\KERNEL32.DLL
0x00007fff051d0000 - 0x00007fff05498000 	C:\WINDOWS\System32\KERNELBASE.dll
0x00007fff05520000 - 0x00007fff05620000 	C:\WINDOWS\System32\ucrtbase.dll
0x00007ffef18c0000 - 0x00007ffef18d8000 	C:\Program Files\Java\jdk-11.0.9\bin\jli.dll
0x00007fff075c0000 - 0x00007fff0766c000 	C:\WINDOWS\System32\ADVAPI32.dll
0x00007fff06dc0000 - 0x00007fff06e5e000 	C:\WINDOWS\System32\msvcrt.dll
0x00007fff07520000 - 0x00007fff075bb000 	C:\WINDOWS\System32\sechost.dll
0x00007fff06240000 - 0x00007fff0636b000 	C:\WINDOWS\System32\RPCRT4.dll
0x00007fff06040000 - 0x00007fff061e0000 	C:\WINDOWS\System32\USER32.dll
0x00007fff058d0000 - 0x00007fff058f2000 	C:\WINDOWS\System32\win32u.dll
0x00007fff07940000 - 0x00007fff0796a000 	C:\WINDOWS\System32\GDI32.dll
0x00007ffef24c0000 - 0x00007ffef24d5000 	C:\Program Files\Java\jdk-11.0.9\bin\VCRUNTIME140.dll
0x00007fff05900000 - 0x00007fff05a0b000 	C:\WINDOWS\System32\gdi32full.dll
0x00007fff057d0000 - 0x00007fff0586d000 	C:\WINDOWS\System32\msvcp_win.dll
0x00007ffefa0f0000 - 0x00007ffefa38a000 	C:\WINDOWS\WinSxS\amd64_microsoft.windows.common-controls_6595b64144ccf1df_6.0.19041.844_none_ca00b6081b84eb1d\COMCTL32.dll
0x00007ffefda50000 - 0x00007ffefda5a000 	C:\WINDOWS\SYSTEM32\VERSION.dll
0x00007fff06c70000 - 0x00007fff06ca0000 	C:\WINDOWS\System32\IMM32.DLL
0x00007ffee57e0000 - 0x00007ffee587b000 	C:\Program Files\Java\jdk-11.0.9\bin\msvcp140.dll
0x00007ffed3720000 - 0x00007ffed4217000 	C:\Program Files\Java\jdk-11.0.9\bin\server\jvm.dll
0x00007fff05ad0000 - 0x00007fff05ad8000 	C:\WINDOWS\System32\PSAPI.DLL
0x00007fff00780000 - 0x00007fff00789000 	C:\WINDOWS\SYSTEM32\WSOCK32.dll
0x00007fff07820000 - 0x00007fff0788b000 	C:\WINDOWS\System32\WS2_32.dll
0x00007ffef9ba0000 - 0x00007ffef9bc7000 	C:\WINDOWS\SYSTEM32\WINMM.dll
0x00007fff03030000 - 0x00007fff03042000 	C:\WINDOWS\SYSTEM32\kernel.appcore.dll
0x00007ffefca80000 - 0x00007ffefca90000 	C:\Program Files\Java\jdk-11.0.9\bin\verify.dll
0x00007ffeffcb0000 - 0x00007ffeffe94000 	C:\WINDOWS\SYSTEM32\DBGHELP.DLL
0x00007ffeff290000 - 0x00007ffeff2bc000 	C:\WINDOWS\SYSTEM32\dbgcore.DLL
0x00007fff054a0000 - 0x00007fff05520000 	C:\WINDOWS\System32\bcryptPrimitives.dll
0x00007ffee8360000 - 0x00007ffee8388000 	C:\Program Files\Java\jdk-11.0.9\bin\java.dll
0x00007ffefb7f0000 - 0x00007ffefb7fa000 	C:\Program Files\Java\jdk-11.0.9\bin\jimage.dll
0x00007ffeef8a0000 - 0x00007ffeef8b6000 	C:\Program Files\Java\jdk-11.0.9\bin\zip.dll
0x00007fff06370000 - 0x00007fff06ab2000 	C:\WINDOWS\System32\SHELL32.dll
0x00007fff03230000 - 0x00007fff039c1000 	C:\WINDOWS\SYSTEM32\windows.storage.dll
0x00007fff07030000 - 0x00007fff07385000 	C:\WINDOWS\System32\combase.dll
0x00007fff04a90000 - 0x00007fff04abc000 	C:\WINDOWS\SYSTEM32\Wldp.dll
0x00007fff07390000 - 0x00007fff0743e000 	C:\WINDOWS\System32\SHCORE.dll
0x00007fff06fb0000 - 0x00007fff07005000 	C:\WINDOWS\System32\shlwapi.dll
0x00007fff04fc0000 - 0x00007fff04fdf000 	C:\WINDOWS\SYSTEM32\profapi.dll
0x00007ffeeebc0000 - 0x00007ffeeebd9000 	C:\Program Files\Java\jdk-11.0.9\bin\net.dll
0x00007ffeff2c0000 - 0x00007ffeff3cb000 	C:\WINDOWS\SYSTEM32\WINHTTP.dll
0x00007fff04800000 - 0x00007fff0486a000 	C:\WINDOWS\system32\mswsock.dll
0x00007ffeee330000 - 0x00007ffeee342000 	C:\Program Files\Java\jdk-11.0.9\bin\nio.dll
0x00007fff049d0000 - 0x00007fff049e8000 	C:\WINDOWS\SYSTEM32\CRYPTSP.dll
0x00007fff041a0000 - 0x00007fff041d4000 	C:\WINDOWS\system32\rsaenh.dll
0x00007fff051a0000 - 0x00007fff051c7000 	C:\WINDOWS\System32\bcrypt.dll
0x00007fff04f80000 - 0x00007fff04fae000 	C:\WINDOWS\SYSTEM32\USERENV.dll
0x00007fff049f0000 - 0x00007fff049fc000 	C:\WINDOWS\SYSTEM32\CRYPTBASE.dll
0x00007fff044f0000 - 0x00007fff0452b000 	C:\WINDOWS\SYSTEM32\IPHLPAPI.DLL
0x00007fff07010000 - 0x00007fff07018000 	C:\WINDOWS\System32\NSI.dll
0x00007ffeff3d0000 - 0x00007ffeff3e7000 	C:\WINDOWS\SYSTEM32\dhcpcsvc6.DLL
0x00007ffeff500000 - 0x00007ffeff51d000 	C:\WINDOWS\SYSTEM32\dhcpcsvc.DLL
0x00007fff04530000 - 0x00007fff045fc000 	C:\WINDOWS\SYSTEM32\DNSAPI.dll
0x00007ffefeef0000 - 0x00007ffefeefa000 	C:\Windows\System32\rasadhlp.dll
0x00007ffeff080000 - 0x00007ffeff0ff000 	C:\WINDOWS\System32\fwpuclnt.dll
0x00007ffef8010000 - 0x00007ffef801d000 	C:\Program Files\Java\jdk-11.0.9\bin\sunmscapi.dll
0x00007fff05670000 - 0x00007fff057cf000 	C:\WINDOWS\System32\CRYPT32.dll
0x00007fff04b00000 - 0x00007fff04b27000 	C:\WINDOWS\SYSTEM32\ncrypt.dll
0x00007fff04ac0000 - 0x00007fff04afb000 	C:\WINDOWS\SYSTEM32\NTASN1.dll
0x00007ffeea720000 - 0x00007ffeea745000 	C:\Program Files\Java\jdk-11.0.9\bin\sunec.dll
0x00007fff02280000 - 0x00007fff02297000 	C:\WINDOWS\system32\napinsp.dll
0x00007fff021e0000 - 0x00007fff021fb000 	C:\WINDOWS\system32\pnrpnsp.dll
0x00007ffef7650000 - 0x00007ffef7665000 	C:\WINDOWS\system32\wshbth.dll
0x00007fff00710000 - 0x00007fff0072d000 	C:\WINDOWS\system32\NLAapi.dll
0x00007ffeffab0000 - 0x00007ffeffac2000 	C:\WINDOWS\System32\winrnr.dll

dbghelp: loaded successfully - version: 4.0.5 - missing functions: none
symbol engine: initialized successfully - sym options: 0x614 - pdb path: .;C:\Program Files\Java\jdk-11.0.9\bin;C:\WINDOWS\SYSTEM32;C:\WINDOWS\WinSxS\amd64_microsoft.windows.common-controls_6595b64144ccf1df_6.0.19041.844_none_ca00b6081b84eb1d;C:\Program Files\Java\jdk-11.0.9\bin\server

VM Arguments:
jvm_args: -Dfile.encoding=Cp1252 
java_command: cucumber.api.cli.Main C:/Users/E2E Treinamentos/eclipse-workspace/semana/Shoe.Novo/projetoshoe/src/test/resources/Bdd.feature --glue classpath: --plugin pretty --monochrome
java_class_path (initial): C:\Users\E2E Treinamentos\eclipse-workspace\semana\Shoe.Novo\projetoshoe\target\test-classes;C:\Users\E2E Treinamentos\eclipse-workspace\semana\Shoe.Novo\projetoshoe\target\classes;C:\Users\E2E Treinamentos\.m2\repository\io\cucumber\cucumber-java\6.9.1\cucumber-java-6.9.1.jar;C:\Users\E2E Treinamentos\.m2\repository\org\apiguardian\apiguardian-api\1.1.0\apiguardian-api-1.1.0.jar;C:\Users\E2E Treinamentos\.m2\repository\io\cucumber\cucumber-junit\6.9.1\cucumber-junit-6.9.1.jar;C:\Users\E2E Treinamentos\.m2\repository\io\cucumber\cucumber-core\6.9.1\cucumber-core-6.9.1.jar;C:\Users\E2E Treinamentos\.m2\repository\io\cucumber\cucumber-gherkin\6.9.1\cucumber-gherkin-6.9.1.jar;C:\Users\E2E Treinamentos\.m2\repository\io\cucumber\cucumber-gherkin-messages\6.9.1\cucumber-gherkin-messages-6.9.1.jar;C:\Users\E2E Treinamentos\.m2\repository\io\cucumber\messages\13.2.1\messages-13.2.1.jar;C:\Users\E2E Treinamentos\.m2\repository\io\cucumber\tag-expressions\3.0.0\tag-expressions-3.0.0.jar;C:\Users\E2E Treinamentos\.m2\repository\io\cucumber\cucumber-expressions\10.3.0\cucumber-expressions-10.3.0.jar;C:\Users\E2E Treinamentos\.m2\repository\io\cucumber\datatable\3.5.0\datatable-3.5.0.jar;C:\Users\E2E Treinamentos\.m2\repository\io\cucumber\cucumber-plugin\6.9.1\cucumber-plugin-6.9.1.jar;C:\Users\E2E Treinamentos\.m2\repository\io\cucumber\docstring\6.9.1\docstring-6.9.1.jar;C:\Users\E2E Treinamentos\.m2\repository\io\cucumber\html-formatter\9.0.0\html-formatter-9.0.0.jar;C:\Users\E2E Treinamentos\.m2\repository\io\cucumber\create-meta\2.0.4\create-meta-2.0.4.jar;C:\Users\E2E Treinamentos\.m2\repository\org\seleniumhq\selenium\selenium-java\3.141.59\selenium-java-3.141.59.jar;C:\Users\E2E Treinamentos\.m2\repository\org\seleniumhq\selenium\selenium-api\3.141.59\selenium-api-3.141.59.jar;C:\Users\E2E Treinamentos\.m2\repository\org\seleniumhq\selenium\selenium-chrome-driver\3.141.59\selenium-chrome-driver-3.141.59.jar;C:\Users\E2E Treinamentos\.m2\rep
Launcher Type: SUN_STANDARD

[Global flags]
     intx CICompilerCount                          = 3                                         {product} {ergonomic}
     uint ConcGCThreads                            = 1                                         {product} {ergonomic}
     uint G1ConcRefinementThreads                  = 4                                         {product} {ergonomic}
   size_t G1HeapRegionSize                         = 1048576                                   {product} {ergonomic}
    uintx GCDrainStackTargetSize                   = 64                                        {product} {ergonomic}
   size_t InitialHeapSize                          = 100663296                                 {product} {ergonomic}
   size_t MarkStackSize                            = 4194304                                   {product} {ergonomic}
   size_t MaxHeapSize                              = 1587544064                                {product} {ergonomic}
   size_t MaxNewSize                               = 952107008                                 {product} {ergonomic}
   size_t MinHeapDeltaBytes                        = 1048576                                   {product} {ergonomic}
    uintx NonNMethodCodeHeapSize                   = 5830732                                {pd product} {ergonomic}
    uintx NonProfiledCodeHeapSize                  = 122913754                              {pd product} {ergonomic}
    uintx ProfiledCodeHeapSize                     = 122913754                              {pd product} {ergonomic}
    uintx ReservedCodeCacheSize                    = 251658240                              {pd product} {ergonomic}
     bool SegmentedCodeCache                       = true                                      {product} {ergonomic}
     bool UseCompressedClassPointers               = true                                 {lp64_product} {ergonomic}
     bool UseCompressedOops                        = true                                 {lp64_product} {ergonomic}
     bool UseG1GC                                  = true                                      {product} {ergonomic}
     bool UseLargePagesIndividualAllocation        = false                                  {pd product} {ergonomic}

Logging:
Log output configuration:
 #0: stdout all=warning uptime,level,tags
 #1: stderr all=off uptime,level,tags

Environment Variables:
JAVA_HOME=C:\Program Files\Java\jdk-11.0.9
PATH=C:\Program Files\Common Files\Oracle\Java\javapath;C:\WINDOWS\system32;C:\WINDOWS;C:\WINDOWS\System32\Wbem;C:\WINDOWS\System32\WindowsPowerShell\v1.0\;C:\WINDOWS\System32\OpenSSH\;C:\Program Files\Java\jdk-11.0.9\bin;%M2_MAVEN%;C:\Program Files\Java\jdk-11.0.9\bin;C:\Users\E2E Treinamentos\AppData\Local\Microsoft\WindowsApps;C:\Users\E2E Treinamentos\AppData\Local\Programs\Microsoft VS Codeaulanova\bin;C:\Users\E2E Treinamentos\AppData\Local\GitHubDesktop\bin;
USERNAME=E2E Treinamentos
OS=Windows_NT
PROCESSOR_IDENTIFIER=Intel64 Family 6 Model 58 Stepping 9, GenuineIntel



---------------  S Y S T E M  ---------------

OS: Windows 10 , 64 bit Build 19041 (10.0.19041.928)

CPU:total 4 (initial active 4) (2 cores per cpu, 2 threads per core) family 6 model 58 stepping 9, cmov, cx8, fxsr, mmx, sse, sse2, sse3, ssse3, sse4.1, sse4.2, popcnt, avx, aes, clmul, erms, ht, tsc, tscinvbit, tscinv

Memory: 4k page, system-wide physical 6049M (636M free)
TotalPageFile size 6049M (AvailPageFile size 4M)
current process WorkingSet (physical memory assigned to process): 94M, peak: 102M
current process commit charge ("private bytes"): 193M, peak: 202M

vm_info: Java HotSpot(TM) 64-Bit Server VM (11.0.9+7-LTS) for windows-amd64 JRE (11.0.9+7-LTS), built on Sep 15 2020 16:47:03 by "mach5one" with MS VC++ 15.9 (VS2017)

END.
