#
# There is insufficient memory for the Java Runtime Environment to continue.
# Native memory allocation (malloc) failed to allocate 32784 bytes for Chunk::new
# Possible reasons:
#   The system is out of physical RAM or swap space
#   The process is running with CompressedOops enabled, and the Java Heap may be blocking the growth of the native heap
# Possible solutions:
#   Reduce memory load on the system
#   Increase physical memory or swap space
#   Check if swap backing store is full
#   Decrease Java heap size (-Xmx/-Xms)
#   Decrease number of Java threads
#   Decrease Java thread stack sizes (-Xss)
#   Set larger code cache with -XX:ReservedCodeCacheSize=
#   JVM is running with Unscaled Compressed Oops mode in which the Java heap is
#     placed in the first 4GB address space. The Java Heap base address is the
#     maximum limit for the native heap growth. Please use -XX:HeapBaseMinAddress
#     to set the Java Heap base and to place the Java Heap above 4GB virtual address.
# This output file may be truncated or incomplete.
#
#  Out of Memory Error (./open/src/hotspot/share/memory/arena.cpp:197), pid=6068, tid=9984
#
# JRE version: Java(TM) SE Runtime Environment 18.9 (11.0.9+7) (build 11.0.9+7-LTS)
# Java VM: Java HotSpot(TM) 64-Bit Server VM 18.9 (11.0.9+7-LTS, mixed mode, tiered, compressed oops, g1 gc, windows-amd64)
# No core dump will be written. Minidumps are not enabled by default on client versions of Windows
#

---------------  S U M M A R Y ------------

Command Line: -Dfile.encoding=Cp1252 cucumber.api.cli.Main C:/Users/E2E Treinamentos/eclipse-workspace/semana/Shoe.Novo/projetoshoe/src/test/resources/Bdd.feature --glue classpath: --plugin pretty --monochrome

Host: Intel(R) Core(TM) i5-3320M CPU @ 2.60GHz, 4 cores, 5G,  Windows 10 , 64 bit Build 19041 (10.0.19041.928)
Time: Thu Apr 22 18:13:01 2021 Hora oficial do Brasil elapsed time: 10.697399 seconds (0d 0h 0m 10s)

---------------  T H R E A D  ---------------

Current thread (0x00000263a28fa000):  JavaThread "C2 CompilerThread0" daemon [_thread_in_native, id=9984, stack(0x000000e954f00000,0x000000e955000000)]


Current CompileTask:
C2:  10697 1917       4       java.net.URLStreamHandler::parseURL (1201 bytes)

Stack: [0x000000e954f00000,0x000000e955000000]
Native frames: (J=compiled Java code, j=interpreted, Vv=VM code, C=native code)
V  [jvm.dll+0x611a3a]
V  [jvm.dll+0x748aaf]
V  [jvm.dll+0x74a135]
V  [jvm.dll+0x74a7b3]
V  [jvm.dll+0x2439f8]
V  [jvm.dll+0xba2bc]
V  [jvm.dll+0xba42d]
V  [jvm.dll+0x5f211f]
V  [jvm.dll+0xae1ae]
V  [jvm.dll+0x624e18]
V  [jvm.dll+0x6231f7]
V  [jvm.dll+0x18195c]
V  [jvm.dll+0x2b3286]
V  [jvm.dll+0x62e2b8]
V  [jvm.dll+0x62602f]
V  [jvm.dll+0x62566e]
V  [jvm.dll+0x6234de]
V  [jvm.dll+0x18195c]
V  [jvm.dll+0x2b3286]
V  [jvm.dll+0x62e2b8]
V  [jvm.dll+0x62602f]
V  [jvm.dll+0x62566e]
V  [jvm.dll+0x6234de]
V  [jvm.dll+0x18195c]
V  [jvm.dll+0x1fc2e1]
V  [jvm.dll+0x17f08c]
V  [jvm.dll+0x20bc54]
V  [jvm.dll+0x209d2b]
V  [jvm.dll+0x7103d9]
V  [jvm.dll+0x709114]
V  [jvm.dll+0x610cb6]
C  [ucrtbase.dll+0x21bb2]
C  [KERNEL32.DLL+0x17034]
C  [ntdll.dll+0x52651]


---------------  P R O C E S S  ---------------

Threads class SMR info:
_java_thread_list=0x00000263a4965590, length=16, elements={
0x000002638573b800, 0x00000263a28db800, 0x00000263a28e4800, 0x00000263a28f8800,
0x00000263a28f9000, 0x00000263a28fa000, 0x00000263a290a000, 0x00000263a2911000,
0x00000263a33ee000, 0x00000263a33ef000, 0x00000263a4a11800, 0x00000263a4816800,
0x00000263a4a36800, 0x00000263a4bea000, 0x00000263a4a8a800, 0x00000263a49f8800
}

Java Threads: ( => current thread )
  0x000002638573b800 JavaThread "main" [_thread_blocked, id=8640, stack(0x000000e954400000,0x000000e954500000)]
  0x00000263a28db800 JavaThread "Reference Handler" daemon [_thread_blocked, id=3240, stack(0x000000e954b00000,0x000000e954c00000)]
  0x00000263a28e4800 JavaThread "Finalizer" daemon [_thread_blocked, id=14080, stack(0x000000e954c00000,0x000000e954d00000)]
  0x00000263a28f8800 JavaThread "Signal Dispatcher" daemon [_thread_blocked, id=14304, stack(0x000000e954d00000,0x000000e954e00000)]
  0x00000263a28f9000 JavaThread "Attach Listener" daemon [_thread_blocked, id=11948, stack(0x000000e954e00000,0x000000e954f00000)]
=>0x00000263a28fa000 JavaThread "C2 CompilerThread0" daemon [_thread_in_native, id=9984, stack(0x000000e954f00000,0x000000e955000000)]
  0x00000263a290a000 JavaThread "C1 CompilerThread0" daemon [_thread_blocked, id=5332, stack(0x000000e955000000,0x000000e955100000)]
  0x00000263a2911000 JavaThread "Sweeper thread" daemon [_thread_blocked, id=5608, stack(0x000000e955100000,0x000000e955200000)]
  0x00000263a33ee000 JavaThread "Service Thread" daemon [_thread_blocked, id=10720, stack(0x000000e955200000,0x000000e955300000)]
  0x00000263a33ef000 JavaThread "Common-Cleaner" daemon [_thread_blocked, id=12924, stack(0x000000e955400000,0x000000e955500000)]
  0x00000263a4a11800 JavaThread "Exec Default Executor" daemon [_thread_in_native, id=13064, stack(0x000000e955700000,0x000000e955800000)]
  0x00000263a4816800 JavaThread "UrlChecker-2" daemon [_thread_blocked, id=5584, stack(0x000000e955800000,0x000000e955900000)]
  0x00000263a4a36800 JavaThread "Exec Stream Pumper" daemon [_thread_in_native, id=3884, stack(0x000000e955a00000,0x000000e955b00000)]
  0x00000263a4bea000 JavaThread "Exec Stream Pumper" daemon [_thread_in_native, id=14056, stack(0x000000e955b00000,0x000000e955c00000)]
  0x00000263a4a8a800 JavaThread "OkHttp ConnectionPool" daemon [_thread_blocked, id=8172, stack(0x000000e955c00000,0x000000e955d00000)]
  0x00000263a49f8800 JavaThread "Okio Watchdog" daemon [_thread_blocked, id=13136, stack(0x000000e955d00000,0x000000e955e00000)]

Other Threads:
  0x00000263a28b8800 VMThread "VM Thread" [stack: 0x000000e954a00000,0x000000e954b00000] [id=6384] _threads_hazard_ptr=0x00000263a4965590
  0x0000026385753000 GCTaskThread "GC Thread#0" [stack: 0x000000e954500000,0x000000e954600000] [id=10708]
  0x00000263a3901000 GCTaskThread "GC Thread#1" [stack: 0x000000e955500000,0x000000e955600000] [id=8568]
  0x000002638577a800 ConcurrentGCThread "G1 Main Marker" [stack: 0x000000e954600000,0x000000e954700000] [id=9220]
  0x000002638577c000 ConcurrentGCThread "G1 Conc#0" [stack: 0x000000e954700000,0x000000e954800000] [id=13888]
  0x00000263857f1800 ConcurrentGCThread "G1 Refine#0" [stack: 0x000000e954800000,0x000000e954900000] [id=7908]
  0x00000263857f4800 ConcurrentGCThread "G1 Young RemSet Sampling" [stack: 0x000000e954900000,0x000000e954a00000] [id=12712]

Threads with active compile tasks:
C2 CompilerThread0  10903 1917       4       java.net.URLStreamHandler::parseURL (1201 bytes)

VM state:at safepoint (normal execution)

VM Mutex/Monitor currently owned by a thread:  ([mutex/lock_event])
[0x0000026385736a10] Threads_lock - owner thread: 0x00000263a28b8800

Heap address: 0x00000000a1600000, size: 1514 MB, Compressed Oops mode: 32-bit
Narrow klass base: 0x0000000000000000, Narrow klass shift: 3
Compressed class space size: 1073741824 Address: 0x0000000100000000

Heap:
 garbage-first heap   total 98304K, used 20648K [0x00000000a1600000, 0x0000000100000000)
  region size 1024K, 18 young (18432K), 3 survivors (3072K)
 Metaspace       used 24061K, capacity 24788K, committed 24880K, reserved 1071104K
  class space    used 2656K, capacity 2939K, committed 2944K, reserved 1048576K
Heap Regions: E=young(eden), S=young(survivor), O=old, HS=humongous(starts), HC=humongous(continues), CS=collection set, F=free, A=archive, TAMS=top-at-mark-start (previous, next)
|   0|0x00000000a1600000, 0x00000000a1700000, 0x00000000a1700000|100%| O|  |TAMS 0x00000000a1700000, 0x00000000a1600000| Untracked 
|   1|0x00000000a1700000, 0x00000000a1800000, 0x00000000a1800000|100%| O|  |TAMS 0x00000000a1800000, 0x00000000a1700000| Untracked 
|   2|0x00000000a1800000, 0x00000000a1900000, 0x00000000a1900000|100%| O|  |TAMS 0x00000000a1900000, 0x00000000a1800000| Untracked 
|   3|0x00000000a1900000, 0x00000000a198be00, 0x00000000a1a00000| 54%| O|  |TAMS 0x00000000a198be00, 0x00000000a1900000| Untracked 
|   4|0x00000000a1a00000, 0x00000000a1a00000, 0x00000000a1b00000|  0%| F|  |TAMS 0x00000000a1a00000, 0x00000000a1a00000| Untracked 
|   5|0x00000000a1b00000, 0x00000000a1b00000, 0x00000000a1c00000|  0%| F|  |TAMS 0x00000000a1b00000, 0x00000000a1b00000| Untracked 
|   6|0x00000000a1c00000, 0x00000000a1c00000, 0x00000000a1d00000|  0%| F|  |TAMS 0x00000000a1c00000, 0x00000000a1c00000| Untracked 
|   7|0x00000000a1d00000, 0x00000000a1d00000, 0x00000000a1e00000|  0%| F|  |TAMS 0x00000000a1d00000, 0x00000000a1d00000| Untracked 
|   8|0x00000000a1e00000, 0x00000000a1e00000, 0x00000000a1f00000|  0%| F|  |TAMS 0x00000000a1e00000, 0x00000000a1e00000| Untracked 
|   9|0x00000000a1f00000, 0x00000000a1f00000, 0x00000000a2000000|  0%| F|  |TAMS 0x00000000a1f00000, 0x00000000a1f00000| Untracked 
|  10|0x00000000a2000000, 0x00000000a2000000, 0x00000000a2100000|  0%| F|  |TAMS 0x00000000a2000000, 0x00000000a2000000| Untracked 
|  11|0x00000000a2100000, 0x00000000a2100000, 0x00000000a2200000|  0%| F|  |TAMS 0x00000000a2100000, 0x00000000a2100000| Untracked 
|  12|0x00000000a2200000, 0x00000000a2200000, 0x00000000a2300000|  0%| F|  |TAMS 0x00000000a2200000, 0x00000000a2200000| Untracked 
|  13|0x00000000a2300000, 0x00000000a2300000, 0x00000000a2400000|  0%| F|  |TAMS 0x00000000a2300000, 0x00000000a2300000| Untracked 
|  14|0x00000000a2400000, 0x00000000a2400000, 0x00000000a2500000|  0%| F|  |TAMS 0x00000000a2400000, 0x00000000a2400000| Untracked 
|  15|0x00000000a2500000, 0x00000000a2500000, 0x00000000a2600000|  0%| F|  |TAMS 0x00000000a2500000, 0x00000000a2500000| Untracked 
|  16|0x00000000a2600000, 0x00000000a2600000, 0x00000000a2700000|  0%| F|  |TAMS 0x00000000a2600000, 0x00000000a2600000| Untracked 
|  17|0x00000000a2700000, 0x00000000a2700000, 0x00000000a2800000|  0%| F|  |TAMS 0x00000000a2700000, 0x00000000a2700000| Untracked 
|  18|0x00000000a2800000, 0x00000000a2800000, 0x00000000a2900000|  0%| F|  |TAMS 0x00000000a2800000, 0x00000000a2800000| Untracked 
|  19|0x00000000a2900000, 0x00000000a2900000, 0x00000000a2a00000|  0%| F|  |TAMS 0x00000000a2900000, 0x00000000a2900000| Untracked 
|  20|0x00000000a2a00000, 0x00000000a2a00000, 0x00000000a2b00000|  0%| F|  |TAMS 0x00000000a2a00000, 0x00000000a2a00000| Untracked 
|  21|0x00000000a2b00000, 0x00000000a2b00000, 0x00000000a2c00000|  0%| F|  |TAMS 0x00000000a2b00000, 0x00000000a2b00000| Untracked 
|  22|0x00000000a2c00000, 0x00000000a2c00000, 0x00000000a2d00000|  0%| F|  |TAMS 0x00000000a2c00000, 0x00000000a2c00000| Untracked 
|  23|0x00000000a2d00000, 0x00000000a2d00000, 0x00000000a2e00000|  0%| F|  |TAMS 0x00000000a2d00000, 0x00000000a2d00000| Untracked 
|  24|0x00000000a2e00000, 0x00000000a2e00000, 0x00000000a2f00000|  0%| F|  |TAMS 0x00000000a2e00000, 0x00000000a2e00000| Untracked 
|  25|0x00000000a2f00000, 0x00000000a2f00000, 0x00000000a3000000|  0%| F|  |TAMS 0x00000000a2f00000, 0x00000000a2f00000| Untracked 
|  26|0x00000000a3000000, 0x00000000a3000000, 0x00000000a3100000|  0%| F|  |TAMS 0x00000000a3000000, 0x00000000a3000000| Untracked 
|  27|0x00000000a3100000, 0x00000000a3100000, 0x00000000a3200000|  0%| F|  |TAMS 0x00000000a3100000, 0x00000000a3100000| Untracked 
|  28|0x00000000a3200000, 0x00000000a3200000, 0x00000000a3300000|  0%| F|  |TAMS 0x00000000a3200000, 0x00000000a3200000| Untracked 
|  29|0x00000000a3300000, 0x00000000a3300000, 0x00000000a3400000|  0%| F|  |TAMS 0x00000000a3300000, 0x00000000a3300000| Untracked 
|  30|0x00000000a3400000, 0x00000000a3400000, 0x00000000a3500000|  0%| F|  |TAMS 0x00000000a3400000, 0x00000000a3400000| Untracked 
|  31|0x00000000a3500000, 0x00000000a3500000, 0x00000000a3600000|  0%| F|  |TAMS 0x00000000a3500000, 0x00000000a3500000| Untracked 
|  32|0x00000000a3600000, 0x00000000a3600000, 0x00000000a3700000|  0%| F|  |TAMS 0x00000000a3600000, 0x00000000a3600000| Untracked 
|  33|0x00000000a3700000, 0x00000000a3700000, 0x00000000a3800000|  0%| F|  |TAMS 0x00000000a3700000, 0x00000000a3700000| Untracked 
|  34|0x00000000a3800000, 0x00000000a3800000, 0x00000000a3900000|  0%| F|  |TAMS 0x00000000a3800000, 0x00000000a3800000| Untracked 
|  35|0x00000000a3900000, 0x00000000a3900000, 0x00000000a3a00000|  0%| F|  |TAMS 0x00000000a3900000, 0x00000000a3900000| Untracked 
|  36|0x00000000a3a00000, 0x00000000a3a00000, 0x00000000a3b00000|  0%| F|  |TAMS 0x00000000a3a00000, 0x00000000a3a00000| Untracked 
|  37|0x00000000a3b00000, 0x00000000a3b00000, 0x00000000a3c00000|  0%| F|  |TAMS 0x00000000a3b00000, 0x00000000a3b00000| Untracked 
|  38|0x00000000a3c00000, 0x00000000a3c00000, 0x00000000a3d00000|  0%| F|  |TAMS 0x00000000a3c00000, 0x00000000a3c00000| Untracked 
|  39|0x00000000a3d00000, 0x00000000a3d00000, 0x00000000a3e00000|  0%| F|  |TAMS 0x00000000a3d00000, 0x00000000a3d00000| Untracked 
|  40|0x00000000a3e00000, 0x00000000a3e00000, 0x00000000a3f00000|  0%| F|  |TAMS 0x00000000a3e00000, 0x00000000a3e00000| Untracked 
|  41|0x00000000a3f00000, 0x00000000a3f00000, 0x00000000a4000000|  0%| F|  |TAMS 0x00000000a3f00000, 0x00000000a3f00000| Untracked 
|  42|0x00000000a4000000, 0x00000000a4000000, 0x00000000a4100000|  0%| F|  |TAMS 0x00000000a4000000, 0x00000000a4000000| Untracked 
|  43|0x00000000a4100000, 0x00000000a4100000, 0x00000000a4200000|  0%| F|  |TAMS 0x00000000a4100000, 0x00000000a4100000| Untracked 
|  44|0x00000000a4200000, 0x00000000a4200000, 0x00000000a4300000|  0%| F|  |TAMS 0x00000000a4200000, 0x00000000a4200000| Untracked 
|  45|0x00000000a4300000, 0x00000000a4300000, 0x00000000a4400000|  0%| F|  |TAMS 0x00000000a4300000, 0x00000000a4300000| Untracked 
|  46|0x00000000a4400000, 0x00000000a4400000, 0x00000000a4500000|  0%| F|  |TAMS 0x00000000a4400000, 0x00000000a4400000| Untracked 
|  47|0x00000000a4500000, 0x00000000a4500000, 0x00000000a4600000|  0%| F|  |TAMS 0x00000000a4500000, 0x00000000a4500000| Untracked 
|  48|0x00000000a4600000, 0x00000000a4600000, 0x00000000a4700000|  0%| F|  |TAMS 0x00000000a4600000, 0x00000000a4600000| Untracked 
|  49|0x00000000a4700000, 0x00000000a4700000, 0x00000000a4800000|  0%| F|  |TAMS 0x00000000a4700000, 0x00000000a4700000| Untracked 
|  50|0x00000000a4800000, 0x00000000a4800000, 0x00000000a4900000|  0%| F|  |TAMS 0x00000000a4800000, 0x00000000a4800000| Untracked 
|  51|0x00000000a4900000, 0x00000000a4900000, 0x00000000a4a00000|  0%| F|  |TAMS 0x00000000a4900000, 0x00000000a4900000| Untracked 
|  52|0x00000000a4a00000, 0x00000000a4a00000, 0x00000000a4b00000|  0%| F|  |TAMS 0x00000000a4a00000, 0x00000000a4a00000| Untracked 
|  53|0x00000000a4b00000, 0x00000000a4b00000, 0x00000000a4c00000|  0%| F|  |TAMS 0x00000000a4b00000, 0x00000000a4b00000| Untracked 
|  54|0x00000000a4c00000, 0x00000000a4c00000, 0x00000000a4d00000|  0%| F|  |TAMS 0x00000000a4c00000, 0x00000000a4c00000| Untracked 
|  55|0x00000000a4d00000, 0x00000000a4d00000, 0x00000000a4e00000|  0%| F|  |TAMS 0x00000000a4d00000, 0x00000000a4d00000| Untracked 
|  56|0x00000000a4e00000, 0x00000000a4e00000, 0x00000000a4f00000|  0%| F|  |TAMS 0x00000000a4e00000, 0x00000000a4e00000| Untracked 
|  57|0x00000000a4f00000, 0x00000000a4f00000, 0x00000000a5000000|  0%| F|  |TAMS 0x00000000a4f00000, 0x00000000a4f00000| Untracked 
|  58|0x00000000a5000000, 0x00000000a5000000, 0x00000000a5100000|  0%| F|  |TAMS 0x00000000a5000000, 0x00000000a5000000| Untracked 
|  59|0x00000000a5100000, 0x00000000a5100000, 0x00000000a5200000|  0%| F|  |TAMS 0x00000000a5100000, 0x00000000a5100000| Untracked 
|  60|0x00000000a5200000, 0x00000000a5200000, 0x00000000a5300000|  0%| F|  |TAMS 0x00000000a5200000, 0x00000000a5200000| Untracked 
|  61|0x00000000a5300000, 0x00000000a5300000, 0x00000000a5400000|  0%| F|  |TAMS 0x00000000a5300000, 0x00000000a5300000| Untracked 
|  62|0x00000000a5400000, 0x00000000a5400000, 0x00000000a5500000|  0%| F|  |TAMS 0x00000000a5400000, 0x00000000a5400000| Untracked 
|  63|0x00000000a5500000, 0x00000000a5500000, 0x00000000a5600000|  0%| F|  |TAMS 0x00000000a5500000, 0x00000000a5500000| Untracked 
|  64|0x00000000a5600000, 0x00000000a5600000, 0x00000000a5700000|  0%| F|  |TAMS 0x00000000a5600000, 0x00000000a5600000| Untracked 
|  65|0x00000000a5700000, 0x00000000a5700000, 0x00000000a5800000|  0%| F|  |TAMS 0x00000000a5700000, 0x00000000a5700000| Untracked 
|  66|0x00000000a5800000, 0x00000000a5800000, 0x00000000a5900000|  0%| F|  |TAMS 0x00000000a5800000, 0x00000000a5800000| Untracked 
|  67|0x00000000a5900000, 0x00000000a5900000, 0x00000000a5a00000|  0%| F|  |TAMS 0x00000000a5900000, 0x00000000a5900000| Untracked 
|  68|0x00000000a5a00000, 0x00000000a5a00000, 0x00000000a5b00000|  0%| F|  |TAMS 0x00000000a5a00000, 0x00000000a5a00000| Untracked 
|  69|0x00000000a5b00000, 0x00000000a5b00000, 0x00000000a5c00000|  0%| F|  |TAMS 0x00000000a5b00000, 0x00000000a5b00000| Untracked 
|  70|0x00000000a5c00000, 0x00000000a5c00000, 0x00000000a5d00000|  0%| F|  |TAMS 0x00000000a5c00000, 0x00000000a5c00000| Untracked 
|  71|0x00000000a5d00000, 0x00000000a5d00000, 0x00000000a5e00000|  0%| F|  |TAMS 0x00000000a5d00000, 0x00000000a5d00000| Untracked 
|  72|0x00000000a5e00000, 0x00000000a5e00000, 0x00000000a5f00000|  0%| F|  |TAMS 0x00000000a5e00000, 0x00000000a5e00000| Untracked 
|  73|0x00000000a5f00000, 0x00000000a5f9e2f8, 0x00000000a6000000| 61%| S|CS|TAMS 0x00000000a5f00000, 0x00000000a5f00000| Complete 
|  74|0x00000000a6000000, 0x00000000a6100000, 0x00000000a6100000|100%| S|CS|TAMS 0x00000000a6000000, 0x00000000a6000000| Complete 
|  75|0x00000000a6100000, 0x00000000a6200000, 0x00000000a6200000|100%| S|CS|TAMS 0x00000000a6100000, 0x00000000a6100000| Complete 
|  76|0x00000000a6200000, 0x00000000a6200000, 0x00000000a6300000|  0%| F|  |TAMS 0x00000000a6200000, 0x00000000a6200000| Untracked 
|  77|0x00000000a6300000, 0x00000000a6300000, 0x00000000a6400000|  0%| F|  |TAMS 0x00000000a6300000, 0x00000000a6300000| Untracked 
|  78|0x00000000a6400000, 0x00000000a6400000, 0x00000000a6500000|  0%| F|  |TAMS 0x00000000a6400000, 0x00000000a6400000| Untracked 
|  79|0x00000000a6500000, 0x00000000a6500000, 0x00000000a6600000|  0%| F|  |TAMS 0x00000000a6500000, 0x00000000a6500000| Untracked 
|  80|0x00000000a6600000, 0x00000000a6600000, 0x00000000a6700000|  0%| F|  |TAMS 0x00000000a6600000, 0x00000000a6600000| Untracked 
|  81|0x00000000a6700000, 0x00000000a67b56b8, 0x00000000a6800000| 70%| E|  |TAMS 0x00000000a6700000, 0x00000000a6700000| Complete 
|  82|0x00000000a6800000, 0x00000000a6900000, 0x00000000a6900000|100%| E|CS|TAMS 0x00000000a6800000, 0x00000000a6800000| Complete 
|  83|0x00000000a6900000, 0x00000000a6a00000, 0x00000000a6a00000|100%| E|CS|TAMS 0x00000000a6900000, 0x00000000a6900000| Complete 
|  84|0x00000000a6a00000, 0x00000000a6b00000, 0x00000000a6b00000|100%| E|CS|TAMS 0x00000000a6a00000, 0x00000000a6a00000| Complete 
|  85|0x00000000a6b00000, 0x00000000a6c00000, 0x00000000a6c00000|100%| E|CS|TAMS 0x00000000a6b00000, 0x00000000a6b00000| Complete 
|  86|0x00000000a6c00000, 0x00000000a6d00000, 0x00000000a6d00000|100%| E|CS|TAMS 0x00000000a6c00000, 0x00000000a6c00000| Complete 
|  87|0x00000000a6d00000, 0x00000000a6e00000, 0x00000000a6e00000|100%| E|CS|TAMS 0x00000000a6d00000, 0x00000000a6d00000| Complete 
|  88|0x00000000a6e00000, 0x00000000a6f00000, 0x00000000a6f00000|100%| E|CS|TAMS 0x00000000a6e00000, 0x00000000a6e00000| Complete 
|  89|0x00000000a6f00000, 0x00000000a7000000, 0x00000000a7000000|100%| E|CS|TAMS 0x00000000a6f00000, 0x00000000a6f00000| Complete 
|  90|0x00000000a7000000, 0x00000000a7100000, 0x00000000a7100000|100%| E|CS|TAMS 0x00000000a7000000, 0x00000000a7000000| Complete 
|  91|0x00000000a7100000, 0x00000000a7200000, 0x00000000a7200000|100%| E|CS|TAMS 0x00000000a7100000, 0x00000000a7100000| Complete 
|  92|0x00000000a7200000, 0x00000000a7300000, 0x00000000a7300000|100%| E|CS|TAMS 0x00000000a7200000, 0x00000000a7200000| Complete 
|  93|0x00000000a7300000, 0x00000000a7400000, 0x00000000a7400000|100%| E|CS|TAMS 0x00000000a7300000, 0x00000000a7300000| Complete 
|  94|0x00000000a7400000, 0x00000000a7500000, 0x00000000a7500000|100%| E|CS|TAMS 0x00000000a7400000, 0x00000000a7400000| Complete 
|  95|0x00000000a7500000, 0x00000000a7600000, 0x00000000a7600000|100%| E|CS|TAMS 0x00000000a7500000, 0x00000000a7500000| Complete 

Card table byte_map: [0x000002639cec0000,0x000002639d1c0000] _byte_map_base: 0x000002639c9b5000

Marking Bits (Prev, Next): (CMBitMap*) 0x0000026385774000, (CMBitMap*) 0x0000026385773fc8
 Prev Bits: [0x000002639ec70000, 0x00000263a0418000)
 Next Bits: [0x000002639d4c0000, 0x000002639ec68000)

Polling page: 0x0000026384f20000

Metaspace:

Usage:
  Non-class:     21.34 MB capacity,    20.90 MB ( 98%) used,   364.73 KB (  2%) free+waste,    78.94 KB ( <1%) overhead. 
      Class:      2.87 MB capacity,     2.59 MB ( 90%) used,   243.76 KB (  8%) free+waste,    38.88 KB (  1%) overhead. 
       Both:     24.21 MB capacity,    23.50 MB ( 97%) used,   608.49 KB (  2%) free+waste,   117.81 KB ( <1%) overhead. 

Virtual space:
  Non-class space:       22.00 MB reserved,      21.42 MB ( 97%) committed 
      Class space:        1.00 GB reserved,       2.88 MB ( <1%) committed 
             Both:        1.02 GB reserved,      24.30 MB (  2%) committed 

Chunk freelists:
   Non-Class:  2.88 KB
       Class:  640 bytes
        Both:  3.50 KB

CodeHeap 'non-profiled nmethods': size=120064Kb used=611Kb max_used=611Kb free=119452Kb
 bounds [0x0000026395680000, 0x00000263958f0000, 0x000002639cbc0000]
CodeHeap 'profiled nmethods': size=120000Kb used=3538Kb max_used=3538Kb free=116461Kb
 bounds [0x000002638e150000, 0x000002638e4d0000, 0x0000026395680000]
CodeHeap 'non-nmethods': size=5696Kb used=1146Kb max_used=1158Kb free=4549Kb
 bounds [0x000002638dbc0000, 0x000002638de30000, 0x000002638e150000]
 total_blobs=2190 nmethods=1719 adapters=382
 compilation: enabled
              stopped_count=0, restarted_count=0
 full_count=0

Compilation events (10 events):
Event: 10.593 Thread 0x00000263a290a000 1919       3       java.lang.AbstractStringBuilder::append (77 bytes)
Event: 10.594 Thread 0x00000263a290a000 nmethod 1919 0x000002638e4c4310 code [0x000002638e4c4520, 0x000002638e4c4c10]
Event: 10.595 Thread 0x00000263a290a000 1920       3       java.nio.HeapByteBuffer::ix (7 bytes)
Event: 10.595 Thread 0x00000263a290a000 nmethod 1920 0x000002638e2aed90 code [0x000002638e2aef20, 0x000002638e2af078]
Event: 10.595 Thread 0x00000263a290a000 1922       3       sun.nio.cs.SingleByte$Encoder::encodeArrayLoop (233 bytes)
Event: 10.599 Thread 0x00000263a290a000 nmethod 1922 0x000002638e4c4e90 code [0x000002638e4c5380, 0x000002638e4c7ab0]
Event: 10.599 Thread 0x00000263a290a000 1923       3       java.nio.charset.CoderResult::isError (14 bytes)
Event: 10.599 Thread 0x00000263a290a000 nmethod 1923 0x000002638e4c8890 code [0x000002638e4c8a40, 0x000002638e4c8bf8]
Event: 10.599 Thread 0x00000263a290a000 1924       3       sun.nio.cs.SingleByte$Encoder::encodeLoop (28 bytes)
Event: 10.600 Thread 0x00000263a290a000 nmethod 1924 0x000002638e4c8c90 code [0x000002638e4c8e80, 0x000002638e4c92c0]

GC Heap History (6 events):
Event: 0.944 GC heap before
{Heap before GC invocations=0 (full 0):
 garbage-first heap   total 98304K, used 13312K [0x00000000a1600000, 0x0000000100000000)
  region size 1024K, 14 young (14336K), 0 survivors (0K)
 Metaspace       used 11538K, capacity 11909K, committed 12032K, reserved 1060864K
  class space    used 1099K, capacity 1206K, committed 1280K, reserved 1048576K
}
Event: 0.949 GC heap after
{Heap after GC invocations=1 (full 0):
 garbage-first heap   total 98304K, used 3630K [0x00000000a1600000, 0x0000000100000000)
  region size 1024K, 2 young (2048K), 2 survivors (2048K)
 Metaspace       used 11538K, capacity 11909K, committed 12032K, reserved 1060864K
  class space    used 1099K, capacity 1206K, committed 1280K, reserved 1048576K
}
Event: 1.550 GC heap before
{Heap before GC invocations=1 (full 0):
 garbage-first heap   total 98304K, used 13870K [0x00000000a1600000, 0x0000000100000000)
  region size 1024K, 12 young (12288K), 2 survivors (2048K)
 Metaspace       used 14869K, capacity 15299K, committed 15488K, reserved 1062912K
  class space    used 1473K, capacity 1614K, committed 1664K, reserved 1048576K
}
Event: 1.555 GC heap after
{Heap after GC invocations=2 (full 0):
 garbage-first heap   total 98304K, used 4440K [0x00000000a1600000, 0x0000000100000000)
  region size 1024K, 1 young (1024K), 1 survivors (1024K)
 Metaspace       used 14869K, capacity 15299K, committed 15488K, reserved 1062912K
  class space    used 1473K, capacity 1614K, committed 1664K, reserved 1048576K
}
Event: 2.774 GC heap before
{Heap before GC invocations=2 (full 0):
 garbage-first heap   total 98304K, used 22872K [0x00000000a1600000, 0x0000000100000000)
  region size 1024K, 20 young (20480K), 1 survivors (1024K)
 Metaspace       used 20690K, capacity 21200K, committed 21296K, reserved 1069056K
  class space    used 2174K, capacity 2370K, committed 2432K, reserved 1048576K
}
Event: 2.780 GC heap after
{Heap after GC invocations=3 (full 0):
 garbage-first heap   total 98304K, used 6312K [0x00000000a1600000, 0x0000000100000000)
  region size 1024K, 3 young (3072K), 3 survivors (3072K)
 Metaspace       used 20690K, capacity 21200K, committed 21296K, reserved 1069056K
  class space    used 2174K, capacity 2370K, committed 2432K, reserved 1048576K
}

Deoptimization events (10 events):
Event: 4.358 Thread 0x000002638573b800 Uncommon trap: reason=class_check action=maybe_recompile pc=0x00000263956ca278 method=java.util.HashMap.putVal(ILjava/lang/Object;Ljava/lang/Object;ZZ)Ljava/lang/Object; @ 253 c2
Event: 10.538 Thread 0x000002638573b800 Uncommon trap: reason=unstable_if action=reinterpret pc=0x00000263956b41ac method=java.lang.AbstractStringBuilder.putStringAt(ILjava/lang/String;)V @ 8 c2
Event: 10.538 Thread 0x000002638573b800 Uncommon trap: reason=unstable_if action=reinterpret pc=0x00000263956b0a0c method=java.lang.AbstractStringBuilder.putStringAt(ILjava/lang/String;)V @ 8 c2
Event: 10.538 Thread 0x000002638573b800 Uncommon trap: reason=unstable_if action=reinterpret pc=0x00000263956afde4 method=java.lang.String.getBytes([BIB)V @ 5 c2
Event: 10.541 Thread 0x000002638573b800 Uncommon trap: reason=unstable_if action=reinterpret pc=0x0000026395704d38 method=java.lang.String.getChars(II[CI)V @ 23 c2
Event: 10.592 Thread 0x000002638573b800 Uncommon trap: reason=unstable_if action=reinterpret pc=0x00000263956a7f74 method=java.lang.StringLatin1.canEncode(I)Z @ 4 c2
Event: 10.593 Thread 0x000002638573b800 Uncommon trap: reason=unstable_if action=reinterpret pc=0x0000026395696340 method=java.lang.AbstractStringBuilder.isLatin1()Z @ 10 c2
Event: 10.593 Thread 0x000002638573b800 Uncommon trap: reason=unstable_if action=reinterpret pc=0x0000026395695644 method=java.lang.AbstractStringBuilder.isLatin1()Z @ 10 c2
Event: 10.595 Thread 0x000002638573b800 Uncommon trap: reason=unstable_if action=reinterpret pc=0x0000026395693154 method=java.lang.StringLatin1.canEncode(I)Z @ 4 c2
Event: 10.596 Thread 0x000002638573b800 Uncommon trap: reason=unstable_if action=reinterpret pc=0x00000263956a30dc method=java.lang.String.indexOf(II)I @ 4 c2

Classes redefined (0 events):
No events

Internal exceptions (10 events):
Event: 2.821 Thread 0x000002638573b800 Exception <a 'java/lang/NoSuchMethodError'{0x00000000a743d2a0}: java.lang.invoke.DirectMethodHandle$Holder.invokeVirtual(Ljava/lang/Object;Ljava/lang/Object;)F> (0x00000000a743d2a0) thrown at [./open/src/hotspot/share/interpreter/linkResolver.cpp, line 77
Event: 2.822 Thread 0x000002638573b800 Exception <a 'java/lang/NoSuchMethodError'{0x00000000a74459c0}: java.lang.invoke.DirectMethodHandle$Holder.invokeVirtual(Ljava/lang/Object;Ljava/lang/Object;)J> (0x00000000a74459c0) thrown at [./open/src/hotspot/share/interpreter/linkResolver.cpp, line 77
Event: 2.931 Thread 0x000002638573b800 Exception <a 'java/lang/NoSuchMethodError'{0x00000000a700f880}: java.lang.invoke.DirectMethodHandle$Holder.invokeStatic(Ljava/lang/Object;Ljava/lang/Object;Ljava/lang/Object;Ljava/lang/Object;Ljava/lang/Object;)V> (0x00000000a700f880) thrown at [./open/sr
Event: 4.340 Thread 0x000002638573b800 Exception <a 'java/lang/NoSuchMethodError'{0x00000000a6a39f78}: java.lang.invoke.DirectMethodHandle$Holder.invokeSpecialIFC(Ljava/lang/Object;Ljava/lang/Object;Ljava/lang/Object;)Ljava/lang/Object;> (0x00000000a6a39f78) thrown at [./open/src/hotspot/share
Event: 4.508 Thread 0x000002638573b800 Exception <a 'java/net/SocketTimeoutException'{0x00000000a6947c58}: Read timed out> (0x00000000a6947c58) thrown at [./open/src/hotspot/share/prims/jni.cpp, line 632]
Event: 8.656 Thread 0x000002638573b800 Exception <a 'java/net/SocketTimeoutException'{0x00000000a6972990}: Read timed out> (0x00000000a6972990) thrown at [./open/src/hotspot/share/prims/jni.cpp, line 632]
Event: 8.868 Thread 0x000002638573b800 Exception <a 'java/net/SocketTimeoutException'{0x00000000a685d728}: Read timed out> (0x00000000a685d728) thrown at [./open/src/hotspot/share/prims/jni.cpp, line 632]
Event: 9.086 Thread 0x000002638573b800 Exception <a 'java/net/SocketTimeoutException'{0x00000000a687ba00}: Read timed out> (0x00000000a687ba00) thrown at [./open/src/hotspot/share/prims/jni.cpp, line 632]
Event: 10.522 Thread 0x000002638573b800 Exception <a 'java/lang/ClassNotFoundException'{0x00000000a68b0d40}: sun/misc/SharedSecrets> (0x00000000a68b0d40) thrown at [./open/src/hotspot/share/classfile/systemDictionary.cpp, line 228]
Event: 10.526 Thread 0x000002638573b800 Exception <a 'java/lang/reflect/InvocationTargetException'{0x00000000a68bf488}> (0x00000000a68bf488) thrown at [./open/src/hotspot/share/runtime/reflection.cpp, line 1242]

Events (10 events):
Event: 10.612 Executing VM operation: RevokeBias
Event: 10.612 Executing VM operation: RevokeBias done
Event: 10.612 Executing VM operation: RevokeBias
Event: 10.612 Executing VM operation: RevokeBias done
Event: 10.612 Executing VM operation: RevokeBias
Event: 10.612 Executing VM operation: RevokeBias done
Event: 10.613 Executing VM operation: RevokeBias
Event: 10.613 Executing VM operation: RevokeBias done
Event: 10.613 Thread 0x00000263a3e5d800 Thread exited: 0x00000263a3e5d800
Event: 10.613 Executing VM operation: Exit


Dynamic libraries:
0x00007ff6d2d80000 - 0x00007ff6d2d8f000 	C:\Program Files\Java\jdk-11.0.9\bin\javaw.exe
0x00007fff079b0000 - 0x00007fff07ba5000 	C:\WINDOWS\SYSTEM32\ntdll.dll
0x00007fff05a10000 - 0x00007fff05acd000 	C:\WINDOWS\System32\KERNEL32.DLL
0x00007fff051d0000 - 0x00007fff05498000 	C:\WINDOWS\System32\KERNELBASE.dll
0x00007fff05520000 - 0x00007fff05620000 	C:\WINDOWS\System32\ucrtbase.dll
0x00007ffef24c0000 - 0x00007ffef24d5000 	C:\Program Files\Java\jdk-11.0.9\bin\VCRUNTIME140.dll
0x00007ffef18c0000 - 0x00007ffef18d8000 	C:\Program Files\Java\jdk-11.0.9\bin\jli.dll
0x00007fff075c0000 - 0x00007fff0766c000 	C:\WINDOWS\System32\ADVAPI32.dll
0x00007fff06dc0000 - 0x00007fff06e5e000 	C:\WINDOWS\System32\msvcrt.dll
0x00007fff07520000 - 0x00007fff075bb000 	C:\WINDOWS\System32\sechost.dll
0x00007fff06240000 - 0x00007fff0636b000 	C:\WINDOWS\System32\RPCRT4.dll
0x00007fff06040000 - 0x00007fff061e0000 	C:\WINDOWS\System32\USER32.dll
0x00007fff058d0000 - 0x00007fff058f2000 	C:\WINDOWS\System32\win32u.dll
0x00007fff07940000 - 0x00007fff0796a000 	C:\WINDOWS\System32\GDI32.dll
0x00007fff05900000 - 0x00007fff05a0b000 	C:\WINDOWS\System32\gdi32full.dll
0x00007ffefa0f0000 - 0x00007ffefa38a000 	C:\WINDOWS\WinSxS\amd64_microsoft.windows.common-controls_6595b64144ccf1df_6.0.19041.844_none_ca00b6081b84eb1d\COMCTL32.dll
0x00007fff057d0000 - 0x00007fff0586d000 	C:\WINDOWS\System32\msvcp_win.dll
0x00007ffefda50000 - 0x00007ffefda5a000 	C:\WINDOWS\SYSTEM32\VERSION.dll
0x00007fff06c70000 - 0x00007fff06ca0000 	C:\WINDOWS\System32\IMM32.DLL
0x00007ffee57e0000 - 0x00007ffee587b000 	C:\Program Files\Java\jdk-11.0.9\bin\msvcp140.dll
0x00007ffed3720000 - 0x00007ffed4217000 	C:\Program Files\Java\jdk-11.0.9\bin\server\jvm.dll
0x00007fff05ad0000 - 0x00007fff05ad8000 	C:\WINDOWS\System32\PSAPI.DLL
0x00007fff00780000 - 0x00007fff00789000 	C:\WINDOWS\SYSTEM32\WSOCK32.dll
0x00007fff07820000 - 0x00007fff0788b000 	C:\WINDOWS\System32\WS2_32.dll
0x00007ffef9ba0000 - 0x00007ffef9bc7000 	C:\WINDOWS\SYSTEM32\WINMM.dll
0x00007fff03030000 - 0x00007fff03042000 	C:\WINDOWS\SYSTEM32\kernel.appcore.dll
0x00007ffefca80000 - 0x00007ffefca90000 	C:\Program Files\Java\jdk-11.0.9\bin\verify.dll
0x00007ffeffcb0000 - 0x00007ffeffe94000 	C:\WINDOWS\SYSTEM32\DBGHELP.DLL
0x00007ffeff290000 - 0x00007ffeff2bc000 	C:\WINDOWS\SYSTEM32\dbgcore.DLL
0x00007fff054a0000 - 0x00007fff05520000 	C:\WINDOWS\System32\bcryptPrimitives.dll
0x00007ffee8360000 - 0x00007ffee8388000 	C:\Program Files\Java\jdk-11.0.9\bin\java.dll
0x00007ffefb7f0000 - 0x00007ffefb7fa000 	C:\Program Files\Java\jdk-11.0.9\bin\jimage.dll
0x00007ffeef8a0000 - 0x00007ffeef8b6000 	C:\Program Files\Java\jdk-11.0.9\bin\zip.dll
0x00007fff06370000 - 0x00007fff06ab2000 	C:\WINDOWS\System32\SHELL32.dll
0x00007fff03230000 - 0x00007fff039c1000 	C:\WINDOWS\SYSTEM32\windows.storage.dll
0x00007fff07030000 - 0x00007fff07385000 	C:\WINDOWS\System32\combase.dll
0x00007fff04a90000 - 0x00007fff04abc000 	C:\WINDOWS\SYSTEM32\Wldp.dll
0x00007fff07390000 - 0x00007fff0743e000 	C:\WINDOWS\System32\SHCORE.dll
0x00007fff06fb0000 - 0x00007fff07005000 	C:\WINDOWS\System32\shlwapi.dll
0x00007fff04fc0000 - 0x00007fff04fdf000 	C:\WINDOWS\SYSTEM32\profapi.dll
0x00007ffeeebc0000 - 0x00007ffeeebd9000 	C:\Program Files\Java\jdk-11.0.9\bin\net.dll
0x00007ffeff2c0000 - 0x00007ffeff3cb000 	C:\WINDOWS\SYSTEM32\WINHTTP.dll
0x00007fff04800000 - 0x00007fff0486a000 	C:\WINDOWS\system32\mswsock.dll
0x00007ffeee330000 - 0x00007ffeee342000 	C:\Program Files\Java\jdk-11.0.9\bin\nio.dll
0x00007fff049d0000 - 0x00007fff049e8000 	C:\WINDOWS\SYSTEM32\CRYPTSP.dll
0x00007fff041a0000 - 0x00007fff041d4000 	C:\WINDOWS\system32\rsaenh.dll
0x00007fff051a0000 - 0x00007fff051c7000 	C:\WINDOWS\System32\bcrypt.dll
0x00007fff04f80000 - 0x00007fff04fae000 	C:\WINDOWS\SYSTEM32\USERENV.dll
0x00007fff049f0000 - 0x00007fff049fc000 	C:\WINDOWS\SYSTEM32\CRYPTBASE.dll
0x00007fff044f0000 - 0x00007fff0452b000 	C:\WINDOWS\SYSTEM32\IPHLPAPI.DLL
0x00007fff07010000 - 0x00007fff07018000 	C:\WINDOWS\System32\NSI.dll
0x00007ffeff3d0000 - 0x00007ffeff3e7000 	C:\WINDOWS\SYSTEM32\dhcpcsvc6.DLL
0x00007ffeff500000 - 0x00007ffeff51d000 	C:\WINDOWS\SYSTEM32\dhcpcsvc.DLL
0x00007fff04530000 - 0x00007fff045fc000 	C:\WINDOWS\SYSTEM32\DNSAPI.dll
0x00007ffefeef0000 - 0x00007ffefeefa000 	C:\Windows\System32\rasadhlp.dll
0x00007ffeff080000 - 0x00007ffeff0ff000 	C:\WINDOWS\System32\fwpuclnt.dll
0x00007ffeea720000 - 0x00007ffeea745000 	C:\Program Files\Java\jdk-11.0.9\bin\sunec.dll
0x00007ffef8010000 - 0x00007ffef801d000 	C:\Program Files\Java\jdk-11.0.9\bin\sunmscapi.dll
0x00007fff05670000 - 0x00007fff057cf000 	C:\WINDOWS\System32\CRYPT32.dll
0x00007fff04b00000 - 0x00007fff04b27000 	C:\WINDOWS\SYSTEM32\ncrypt.dll
0x00007fff04ac0000 - 0x00007fff04afb000 	C:\WINDOWS\SYSTEM32\NTASN1.dll
0x00007ffefb870000 - 0x00007ffefb887000 	C:\WINDOWS\system32\napinsp.dll
0x00007ffef9500000 - 0x00007ffef951b000 	C:\WINDOWS\system32\pnrpnsp.dll
0x00007ffef7650000 - 0x00007ffef7665000 	C:\WINDOWS\system32\wshbth.dll
0x00007fff00710000 - 0x00007fff0072d000 	C:\WINDOWS\system32\NLAapi.dll
0x00007ffef94e0000 - 0x00007ffef94f2000 	C:\WINDOWS\System32\winrnr.dll

dbghelp: loaded successfully - version: 4.0.5 - missing functions: none
symbol engine: initialized successfully - sym options: 0x614 - pdb path: .;C:\Program Files\Java\jdk-11.0.9\bin;C:\WINDOWS\SYSTEM32;C:\WINDOWS\WinSxS\amd64_microsoft.windows.common-controls_6595b64144ccf1df_6.0.19041.844_none_ca00b6081b84eb1d;C:\Program Files\Java\jdk-11.0.9\bin\server

VM Arguments:
jvm_args: -Dfile.encoding=Cp1252 
java_command: cucumber.api.cli.Main C:/Users/E2E Treinamentos/eclipse-workspace/semana/Shoe.Novo/projetoshoe/src/test/resources/Bdd.feature --glue classpath: --plugin pretty --monochrome
java_class_path (initial): C:\Users\E2E Treinamentos\eclipse-workspace\semana\Shoe.Novo\projetoshoe\target\test-classes;C:\Users\E2E Treinamentos\eclipse-workspace\semana\Shoe.Novo\projetoshoe\target\classes;C:\Users\E2E Treinamentos\.m2\repository\io\cucumber\cucumber-java\6.9.1\cucumber-java-6.9.1.jar;C:\Users\E2E Treinamentos\.m2\repository\org\apiguardian\apiguardian-api\1.1.0\apiguardian-api-1.1.0.jar;C:\Users\E2E Treinamentos\.m2\repository\io\cucumber\cucumber-junit\6.9.1\cucumber-junit-6.9.1.jar;C:\Users\E2E Treinamentos\.m2\repository\io\cucumber\cucumber-core\6.9.1\cucumber-core-6.9.1.jar;C:\Users\E2E Treinamentos\.m2\repository\io\cucumber\cucumber-gherkin\6.9.1\cucumber-gherkin-6.9.1.jar;C:\Users\E2E Treinamentos\.m2\repository\io\cucumber\cucumber-gherkin-messages\6.9.1\cucumber-gherkin-messages-6.9.1.jar;C:\Users\E2E Treinamentos\.m2\repository\io\cucumber\messages\13.2.1\messages-13.2.1.jar;C:\Users\E2E Treinamentos\.m2\repository\io\cucumber\tag-expressions\3.0.0\tag-expressions-3.0.0.jar;C:\Users\E2E Treinamentos\.m2\repository\io\cucumber\cucumber-expressions\10.3.0\cucumber-expressions-10.3.0.jar;C:\Users\E2E Treinamentos\.m2\repository\io\cucumber\datatable\3.5.0\datatable-3.5.0.jar;C:\Users\E2E Treinamentos\.m2\repository\io\cucumber\cucumber-plugin\6.9.1\cucumber-plugin-6.9.1.jar;C:\Users\E2E Treinamentos\.m2\repository\io\cucumber\docstring\6.9.1\docstring-6.9.1.jar;C:\Users\E2E Treinamentos\.m2\repository\io\cucumber\html-formatter\9.0.0\html-formatter-9.0.0.jar;C:\Users\E2E Treinamentos\.m2\repository\io\cucumber\create-meta\2.0.4\create-meta-2.0.4.jar;C:\Users\E2E Treinamentos\.m2\repository\org\seleniumhq\selenium\selenium-java\3.141.59\selenium-java-3.141.59.jar;C:\Users\E2E Treinamentos\.m2\repository\org\seleniumhq\selenium\selenium-api\3.141.59\selenium-api-3.141.59.jar;C:\Users\E2E Treinamentos\.m2\repository\org\seleniumhq\selenium\selenium-chrome-driver\3.141.59\selenium-chrome-driver-3.141.59.jar;C:\Users\E2E Treinamentos\.m2\rep
Launcher Type: SUN_STANDARD

[Global flags]
     intx CICompilerCount                          = 3                                         {product} {ergonomic}
     uint ConcGCThreads                            = 1                                         {product} {ergonomic}
     uint G1ConcRefinementThreads                  = 4                                         {product} {ergonomic}
   size_t G1HeapRegionSize                         = 1048576                                   {product} {ergonomic}
    uintx GCDrainStackTargetSize                   = 64                                        {product} {ergonomic}
   size_t InitialHeapSize                          = 100663296                                 {product} {ergonomic}
   size_t MarkStackSize                            = 4194304                                   {product} {ergonomic}
   size_t MaxHeapSize                              = 1587544064                                {product} {ergonomic}
   size_t MaxNewSize                               = 952107008                                 {product} {ergonomic}
   size_t MinHeapDeltaBytes                        = 1048576                                   {product} {ergonomic}
    uintx NonNMethodCodeHeapSize                   = 5830732                                {pd product} {ergonomic}
    uintx NonProfiledCodeHeapSize                  = 122913754                              {pd product} {ergonomic}
    uintx ProfiledCodeHeapSize                     = 122913754                              {pd product} {ergonomic}
    uintx ReservedCodeCacheSize                    = 251658240                              {pd product} {ergonomic}
     bool SegmentedCodeCache                       = true                                      {product} {ergonomic}
     bool UseCompressedClassPointers               = true                                 {lp64_product} {ergonomic}
     bool UseCompressedOops                        = true                                 {lp64_product} {ergonomic}
     bool UseG1GC                                  = true                                      {product} {ergonomic}
     bool UseLargePagesIndividualAllocation        = false                                  {pd product} {ergonomic}

Logging:
Log output configuration:
 #0: stdout all=warning uptime,level,tags
 #1: stderr all=off uptime,level,tags

Environment Variables:
JAVA_HOME=C:\Program Files\Java\jdk-11.0.9
PATH=C:\Program Files\Common Files\Oracle\Java\javapath;C:\WINDOWS\system32;C:\WINDOWS;C:\WINDOWS\System32\Wbem;C:\WINDOWS\System32\WindowsPowerShell\v1.0\;C:\WINDOWS\System32\OpenSSH\;C:\Program Files\Java\jdk-11.0.9\bin;%M2_MAVEN%;C:\Program Files\Java\jdk-11.0.9\bin;C:\Users\E2E Treinamentos\AppData\Local\Microsoft\WindowsApps;C:\Users\E2E Treinamentos\AppData\Local\Programs\Microsoft VS Codeaulanova\bin;C:\Users\E2E Treinamentos\AppData\Local\GitHubDesktop\bin;
USERNAME=E2E Treinamentos
OS=Windows_NT
PROCESSOR_IDENTIFIER=Intel64 Family 6 Model 58 Stepping 9, GenuineIntel



---------------  S Y S T E M  ---------------

OS: Windows 10 , 64 bit Build 19041 (10.0.19041.928)

CPU:total 4 (initial active 4) (2 cores per cpu, 2 threads per core) family 6 model 58 stepping 9, cmov, cx8, fxsr, mmx, sse, sse2, sse3, ssse3, sse4.1, sse4.2, popcnt, avx, aes, clmul, erms, ht, tsc, tscinvbit, tscinv

Memory: 4k page, system-wide physical 6049M (677M free)
TotalPageFile size 6049M (AvailPageFile size 7M)
current process WorkingSet (physical memory assigned to process): 93M, peak: 99M
current process commit charge ("private bytes"): 197M, peak: 201M

vm_info: Java HotSpot(TM) 64-Bit Server VM (11.0.9+7-LTS) for windows-amd64 JRE (11.0.9+7-LTS), built on Sep 15 2020 16:47:03 by "mach5one" with MS VC++ 15.9 (VS2017)

END.
